#
# A fatal error has been detected by the Java Runtime Environment:
#
#  SIGSEGV (0xb) at pc=0x00007f825b041a65, pid=24858, tid=24881
#
# JRE version: OpenJDK Runtime Environment (11.0.3+7) (build 11.0.3+7-Ubuntu-1ubuntu218.04.1)
# Java VM: OpenJDK 64-Bit Server VM (11.0.3+7-Ubuntu-1ubuntu218.04.1, mixed mode, sharing, tiered, compressed oops, g1 gc, linux-amd64)
# Problematic frame:
# V  [libjvm.so+0x76fa65]
#
# Core dump will be written. Default location: Core dumps may be processed with "/usr/share/apport/apport %p %s %c %d %P" (or dumping to /home/admin1/Desktop/fundooApp-fundooSub/core.24858)
#
# If you would like to submit a bug report, please visit:
#   http://bugreport.java.com/bugreport/crash.jsp
#

---------------  S U M M A R Y ------------

Command Line: -Dcom.sun.management.jmxremote -Dcom.sun.management.jmxremote.port=33129 -Dcom.sun.management.jmxremote.authenticate=false -Dcom.sun.management.jmxremote.ssl=false -Djava.rmi.server.hostname=localhost -Dspring.jmx.enabled=true -Dspring.liveBeansView.mbeanDomain -Dspring.application.admin.enabled=true -Djava.security.egd=file:/dev/./urandom -Xverify:none -XX:TieredStopAtLevel=1 -Dfile.encoding=UTF-8 com.bridgelabz.fundooApp.FundooApplication --spring.output.ansi.enabled=always

Host: Intel(R) Core(TM) i5-7400 CPU @ 3.00GHz, 4 cores, 7G, Ubuntu 18.04.2 LTS
Time: Thu Jul  4 14:17:32 2019 IST elapsed time: 0 seconds (0d 0h 0m 0s)

---------------  T H R E A D  ---------------

Current thread (0x00007f8220001000):  GCTaskThread "GC Thread#1" [stack: 0x00007f82033d7000,0x00007f82034d7000] [id=24881]

Stack: [0x00007f82033d7000,0x00007f82034d7000],  sp=0x00007f82034d5920,  free space=1018k
Native frames: (J=compiled Java code, A=aot compiled Java code, j=interpreted, Vv=VM code, C=native code)
V  [libjvm.so+0x76fa65]
V  [libjvm.so+0x76d258]
V  [libjvm.so+0x77c8a7]
V  [libjvm.so+0x77c9b8]
V  [libjvm.so+0x7386d8]
V  [libjvm.so+0x77b7fc]
V  [libjvm.so+0x7379f2]
V  [libjvm.so+0xe0bf9d]
V  [libjvm.so+0xd7805a]
V  [libjvm.so+0xbc238e]


siginfo: si_signo: 11 (SIGSEGV), si_code: 1 (SEGV_MAPERR), si_addr: 0x0000000b0b933340

Register to memory mapping:

RAX=0x0000000000000001 is an unknown value
RBX=0x000000008be05830 points into unknown readable memory: 72 67 2f 73 70 72 69 6e
RCX=0x0000000000000003 is an unknown value
RDX=0x00007f825bc77450: <offset 0x00000000013a5450> in /usr/lib/jvm/java-11-openjdk-amd64/lib/server/libjvm.so at 0x00007f825a8d2000
RSP=0x00007f82034d5920 points into unknown readable memory: 70 59 4d 03 82 7f 00 00
RBP=0x00007f82034d59a0 points into unknown readable memory: 40 5a 4d 03 82 7f 00 00
RSI=0x0000000000000001 is an unknown value
RDI=0x0000000b0b933338 is an unknown value
R8 =0x0 is NULL
R9 =0x0 is NULL
R10=0x000000000000000b is an unknown value
R11=0x0 is NULL
R12=0x00007f81ec004d90 points into unknown readable memory: 70 5d ba 5b 82 7f 00 00
R13=0x0000000000000040 is an unknown value
R14=0x00007f81ec004d90 points into unknown readable memory: 70 5d ba 5b 82 7f 00 00
R15=0x000000008546ed14 points into unknown readable memory: 30 58 e0 8b


Registers:
RAX=0x0000000000000001, RBX=0x000000008be05830, RCX=0x0000000000000003, RDX=0x00007f825bc77450
RSP=0x00007f82034d5920, RBP=0x00007f82034d59a0, RSI=0x0000000000000001, RDI=0x0000000b0b933338
R8 =0x0000000000000000, R9 =0x0000000000000000, R10=0x000000000000000b, R11=0x0000000000000000
R12=0x00007f81ec004d90, R13=0x0000000000000040, R14=0x00007f81ec004d90, R15=0x000000008546ed14
RIP=0x00007f825b041a65, EFLAGS=0x0000000000010202, CSGSFS=0x002b000000000033, ERR=0x0000000000000004
  TRAPNO=0x000000000000000e

Top of Stack: (sp=0x00007f82034d5920)
0x00007f82034d5920:   00007f82034d5970 00007f825c456ea6
0x00007f82034d5930:   00007f81ec0053b0 0000000000000000
0x00007f82034d5940:   000000000000000b 0000000f5b48b68f
0x00007f82034d5950:   6e697270732f6772 0000000026055e01 

Instructions: (pc=0x00007f825b041a65)
0x00007f825b041a45:   ec 58 48 8d 05 7e 22 c6 00 40 88 75 b8 48 89 4d
0x00007f825b041a55:   b0 0f b6 00 84 c0 0f 85 7f 01 00 00 48 8b 7a 08
0x00007f825b041a65:   44 8b 6f 08 41 83 fd 00 0f 8e 4d 01 00 00 41 f6
0x00007f825b041a75:   c5 01 0f 85 49 01 00 00 41 c1 fd 03 49 8b 46 08 

Stack slot to memory mapping:
stack at sp + 0 slots: 0x00007f82034d5970 points into unknown readable memory: e0 59 4d 03 82 7f 00 00
stack at sp + 1 slots: 0x00007f825c456ea6: __clock_gettime+0x0000000000000026 in /lib/x86_64-linux-gnu/libc.so.6 at 0x00007f825c326000
stack at sp + 2 slots: 0x00007f81ec0053b0 points into unknown readable memory: 20 00 00 00 00 00 00 00
stack at sp + 3 slots: 0x0 is NULL
stack at sp + 4 slots: 0x000000000000000b is an unknown value
stack at sp + 5 slots: 0x0000000f5b48b68f is an unknown value
stack at sp + 6 slots: 0x6e697270732f6772 is an unknown value
stack at sp + 7 slots: 0x0000000026055e01 is an unknown value


---------------  P R O C E S S  ---------------

Threads class SMR info:
_java_thread_list=0x00007f8254739490, length=12, elements={
0x00007f8254014000, 0x00007f825410a800, 0x00007f8254114800, 0x00007f825411a000,
0x00007f825411c000, 0x00007f825411e000, 0x00007f825413c000, 0x00007f825416c000,
0x00007f825452b800, 0x00007f8254532000, 0x00007f825454a800, 0x00007f8254734800
}

Java Threads: ( => current thread )
  0x00007f8254014000 JavaThread "main" [_thread_blocked, id=24859, stack(0x00007f825ca35000,0x00007f825cb36000)]
  0x00007f825410a800 JavaThread "Reference Handler" daemon [_thread_blocked, id=24870, stack(0x00007f822d2f8000,0x00007f822d3f9000)]
  0x00007f8254114800 JavaThread "Finalizer" daemon [_thread_blocked, id=24871, stack(0x00007f822d1f7000,0x00007f822d2f8000)]
  0x00007f825411a000 JavaThread "Signal Dispatcher" daemon [_thread_blocked, id=24872, stack(0x00007f822c727000,0x00007f822c828000)]
  0x00007f825411c000 JavaThread "C1 CompilerThread0" daemon [_thread_blocked, id=24873, stack(0x00007f822c626000,0x00007f822c727000)]
  0x00007f825411e000 JavaThread "Sweeper thread" daemon [_thread_blocked, id=24874, stack(0x00007f822c525000,0x00007f822c626000)]
  0x00007f825413c000 JavaThread "Common-Cleaner" daemon [_thread_blocked, id=24875, stack(0x00007f822c424000,0x00007f822c525000)]
  0x00007f825416c000 JavaThread "Service Thread" daemon [_thread_blocked, id=24876, stack(0x00007f822c323000,0x00007f822c424000)]
  0x00007f825452b800 JavaThread "RMI TCP Accept-0" daemon [_thread_in_native, id=24877, stack(0x00007f822c011000,0x00007f822c112000)]
  0x00007f8254532000 JavaThread "RMI TCP Accept-33129" daemon [_thread_in_native, id=24878, stack(0x00007f82036da000,0x00007f82037db000)]
  0x00007f825454a800 JavaThread "RMI TCP Accept-0" daemon [_thread_in_native, id=24879, stack(0x00007f82035d9000,0x00007f82036da000)]
  0x00007f8254734800 JavaThread "background-preinit" [_thread_blocked, id=24885, stack(0x00007f8202fce000,0x00007f82030cf000)]

Other Threads:
  0x00007f8254107800 VMThread "VM Thread" [stack: 0x00007f822d3fb000,0x00007f822d4fb000] [id=24869]
  0x00007f825454d800 WatcherThread [stack: 0x00007f82034d9000,0x00007f82035d9000] [id=24880]
  0x00007f825402a800 GCTaskThread "GC Thread#0" [stack: 0x00007f8258a2e000,0x00007f8258b2e000] [id=24864]
=>0x00007f8220001000 GCTaskThread "GC Thread#1" [stack: 0x00007f82033d7000,0x00007f82034d7000] [id=24881]
  0x00007f8220002800 GCTaskThread "GC Thread#2" [stack: 0x00007f82032d5000,0x00007f82033d5000] [id=24882]
  0x00007f8220005000 GCTaskThread "GC Thread#3" [stack: 0x00007f8202ace000,0x00007f8202bce000] [id=24886]
  0x00007f825405b800 ConcurrentGCThread "G1 Main Marker" [stack: 0x00007f8258151000,0x00007f8258251000] [id=24865]
  0x00007f825405d000 ConcurrentGCThread "G1 Conc#0" [stack: 0x00007f825804f000,0x00007f825814f000] [id=24866]
  0x00007f82540d5800 ConcurrentGCThread "G1 Refine#0" [stack: 0x00007f822ddff000,0x00007f822deff000] [id=24867]
  0x00007f8224001000 ConcurrentGCThread "G1 Refine#1" [stack: 0x00007f82031d3000,0x00007f82032d3000] [id=24883]
  0x00007f81e4001000 ConcurrentGCThread "G1 Refine#2" [stack: 0x00007f82030d1000,0x00007f82031d1000] [id=24884]
  0x00007f82540d7000 ConcurrentGCThread "G1 Young RemSet Sampling" [stack: 0x00007f822dcfd000,0x00007f822ddfd000] [id=24868]

Threads with active compile tasks:
C1 CompilerThread01652       1       java.lang.reflect.ProxyGenerator$ConstantPool::getMethodRef (33 bytes)

VM state:at safepoint (normal execution)

VM Mutex/Monitor currently owned by a thread:  ([mutex/lock_event])
[0x00007f8254010650] Threads_lock - owner thread: 0x00007f8254107800
[0x00007f8254010da0] Heap_lock - owner thread: 0x00007f8254734800

Heap address: 0x0000000085200000, size: 1966 MB, Compressed Oops mode: 32-bit
Narrow klass base: 0x0000000800000000, Narrow klass shift: 3
Compressed class space size: 1073741824 Address: 0x0000000840000000

Heap:
 garbage-first heap   total 129024K, used 42584K [0x0000000085200000, 0x0000000100000000)
  region size 1024K, 40 young (40960K), 4 survivors (4096K)
 Metaspace       used 12475K, capacity 13046K, committed 13312K, reserved 1060864K
  class space    used 1756K, capacity 1982K, committed 2048K, reserved 1048576K
Heap Regions: E=young(eden), S=young(survivor), O=old, HS=humongous(starts), HC=humongous(continues), CS=collection set, F=free, A=archive, TAMS=top-at-mark-start (previous, next)
|   0|0x0000000085200000, 0x0000000085300000, 0x0000000085300000|100%| O|  |TAMS 0x0000000085200000, 0x0000000085200000| Untracked 
|   1|0x0000000085300000, 0x0000000085400000, 0x0000000085400000|100%| O|  |TAMS 0x0000000085300000, 0x0000000085300000| Untracked 
|   2|0x0000000085400000, 0x00000000854f7200, 0x0000000085500000| 96%| O|  |TAMS 0x0000000085400000, 0x0000000085400000| Untracked 
|   3|0x0000000085500000, 0x0000000085500000, 0x0000000085600000|  0%| F|  |TAMS 0x0000000085500000, 0x0000000085500000| Untracked 
|   4|0x0000000085600000, 0x0000000085600000, 0x0000000085700000|  0%| F|  |TAMS 0x0000000085600000, 0x0000000085600000| Untracked 
|   5|0x0000000085700000, 0x0000000085700000, 0x0000000085800000|  0%| F|  |TAMS 0x0000000085700000, 0x0000000085700000| Untracked 
|   6|0x0000000085800000, 0x0000000085800000, 0x0000000085900000|  0%| F|  |TAMS 0x0000000085800000, 0x0000000085800000| Untracked 
|   7|0x0000000085900000, 0x0000000085900000, 0x0000000085a00000|  0%| F|  |TAMS 0x0000000085900000, 0x0000000085900000| Untracked 
|   8|0x0000000085a00000, 0x0000000085a00000, 0x0000000085b00000|  0%| F|  |TAMS 0x0000000085a00000, 0x0000000085a00000| Untracked 
|   9|0x0000000085b00000, 0x0000000085b00000, 0x0000000085c00000|  0%| F|  |TAMS 0x0000000085b00000, 0x0000000085b00000| Untracked 
|  10|0x0000000085c00000, 0x0000000085c00000, 0x0000000085d00000|  0%| F|  |TAMS 0x0000000085c00000, 0x0000000085c00000| Untracked 
|  11|0x0000000085d00000, 0x0000000085d00000, 0x0000000085e00000|  0%| F|  |TAMS 0x0000000085d00000, 0x0000000085d00000| Untracked 
|  12|0x0000000085e00000, 0x0000000085e00000, 0x0000000085f00000|  0%| F|  |TAMS 0x0000000085e00000, 0x0000000085e00000| Untracked 
|  13|0x0000000085f00000, 0x0000000085f00000, 0x0000000086000000|  0%| F|  |TAMS 0x0000000085f00000, 0x0000000085f00000| Untracked 
|  14|0x0000000086000000, 0x0000000086000000, 0x0000000086100000|  0%| F|  |TAMS 0x0000000086000000, 0x0000000086000000| Untracked 
|  15|0x0000000086100000, 0x0000000086100000, 0x0000000086200000|  0%| F|  |TAMS 0x0000000086100000, 0x0000000086100000| Untracked 
|  16|0x0000000086200000, 0x0000000086200000, 0x0000000086300000|  0%| F|  |TAMS 0x0000000086200000, 0x0000000086200000| Untracked 
|  17|0x0000000086300000, 0x0000000086300000, 0x0000000086400000|  0%| F|  |TAMS 0x0000000086300000, 0x0000000086300000| Untracked 
|  18|0x0000000086400000, 0x0000000086400000, 0x0000000086500000|  0%| F|  |TAMS 0x0000000086400000, 0x0000000086400000| Untracked 
|  19|0x0000000086500000, 0x0000000086500000, 0x0000000086600000|  0%| F|  |TAMS 0x0000000086500000, 0x0000000086500000| Untracked 
|  20|0x0000000086600000, 0x0000000086600000, 0x0000000086700000|  0%| F|  |TAMS 0x0000000086600000, 0x0000000086600000| Untracked 
|  21|0x0000000086700000, 0x0000000086700000, 0x0000000086800000|  0%| F|  |TAMS 0x0000000086700000, 0x0000000086700000| Untracked 
|  22|0x0000000086800000, 0x0000000086800000, 0x0000000086900000|  0%| F|  |TAMS 0x0000000086800000, 0x0000000086800000| Untracked 
|  23|0x0000000086900000, 0x0000000086900000, 0x0000000086a00000|  0%| F|  |TAMS 0x0000000086900000, 0x0000000086900000| Untracked 
|  24|0x0000000086a00000, 0x0000000086a00000, 0x0000000086b00000|  0%| F|  |TAMS 0x0000000086a00000, 0x0000000086a00000| Untracked 
|  25|0x0000000086b00000, 0x0000000086b00000, 0x0000000086c00000|  0%| F|  |TAMS 0x0000000086b00000, 0x0000000086b00000| Untracked 
|  26|0x0000000086c00000, 0x0000000086c00000, 0x0000000086d00000|  0%| F|  |TAMS 0x0000000086c00000, 0x0000000086c00000| Untracked 
|  27|0x0000000086d00000, 0x0000000086d00000, 0x0000000086e00000|  0%| F|  |TAMS 0x0000000086d00000, 0x0000000086d00000| Untracked 
|  28|0x0000000086e00000, 0x0000000086e00000, 0x0000000086f00000|  0%| F|  |TAMS 0x0000000086e00000, 0x0000000086e00000| Untracked 
|  29|0x0000000086f00000, 0x0000000086f00000, 0x0000000087000000|  0%| F|  |TAMS 0x0000000086f00000, 0x0000000086f00000| Untracked 
|  30|0x0000000087000000, 0x0000000087000000, 0x0000000087100000|  0%| F|  |TAMS 0x0000000087000000, 0x0000000087000000| Untracked 
|  31|0x0000000087100000, 0x0000000087100000, 0x0000000087200000|  0%| F|  |TAMS 0x0000000087100000, 0x0000000087100000| Untracked 
|  32|0x0000000087200000, 0x0000000087200000, 0x0000000087300000|  0%| F|  |TAMS 0x0000000087200000, 0x0000000087200000| Untracked 
|  33|0x0000000087300000, 0x0000000087300000, 0x0000000087400000|  0%| F|  |TAMS 0x0000000087300000, 0x0000000087300000| Untracked 
|  34|0x0000000087400000, 0x0000000087400000, 0x0000000087500000|  0%| F|  |TAMS 0x0000000087400000, 0x0000000087400000| Untracked 
|  35|0x0000000087500000, 0x0000000087500000, 0x0000000087600000|  0%| F|  |TAMS 0x0000000087500000, 0x0000000087500000| Untracked 
|  36|0x0000000087600000, 0x0000000087600000, 0x0000000087700000|  0%| F|  |TAMS 0x0000000087600000, 0x0000000087600000| Untracked 
|  37|0x0000000087700000, 0x0000000087700000, 0x0000000087800000|  0%| F|  |TAMS 0x0000000087700000, 0x0000000087700000| Untracked 
|  38|0x0000000087800000, 0x0000000087800000, 0x0000000087900000|  0%| F|  |TAMS 0x0000000087800000, 0x0000000087800000| Untracked 
|  39|0x0000000087900000, 0x0000000087900000, 0x0000000087a00000|  0%| F|  |TAMS 0x0000000087900000, 0x0000000087900000| Untracked 
|  40|0x0000000087a00000, 0x0000000087a00000, 0x0000000087b00000|  0%| F|  |TAMS 0x0000000087a00000, 0x0000000087a00000| Untracked 
|  41|0x0000000087b00000, 0x0000000087b00000, 0x0000000087c00000|  0%| F|  |TAMS 0x0000000087b00000, 0x0000000087b00000| Untracked 
|  42|0x0000000087c00000, 0x0000000087c00000, 0x0000000087d00000|  0%| F|  |TAMS 0x0000000087c00000, 0x0000000087c00000| Untracked 
|  43|0x0000000087d00000, 0x0000000087d00000, 0x0000000087e00000|  0%| F|  |TAMS 0x0000000087d00000, 0x0000000087d00000| Untracked 
|  44|0x0000000087e00000, 0x0000000087e00000, 0x0000000087f00000|  0%| F|  |TAMS 0x0000000087e00000, 0x0000000087e00000| Untracked 
|  45|0x0000000087f00000, 0x0000000087f00000, 0x0000000088000000|  0%| F|  |TAMS 0x0000000087f00000, 0x0000000087f00000| Untracked 
|  46|0x0000000088000000, 0x0000000088000000, 0x0000000088100000|  0%| F|  |TAMS 0x0000000088000000, 0x0000000088000000| Untracked 
|  47|0x0000000088100000, 0x0000000088100000, 0x0000000088200000|  0%| F|  |TAMS 0x0000000088100000, 0x0000000088100000| Untracked 
|  48|0x0000000088200000, 0x0000000088200000, 0x0000000088300000|  0%| F|  |TAMS 0x0000000088200000, 0x0000000088200000| Untracked 
|  49|0x0000000088300000, 0x0000000088300000, 0x0000000088400000|  0%| F|  |TAMS 0x0000000088300000, 0x0000000088300000| Untracked 
|  50|0x0000000088400000, 0x0000000088400000, 0x0000000088500000|  0%| F|  |TAMS 0x0000000088400000, 0x0000000088400000| Untracked 
|  51|0x0000000088500000, 0x0000000088500000, 0x0000000088600000|  0%| F|  |TAMS 0x0000000088500000, 0x0000000088500000| Untracked 
|  52|0x0000000088600000, 0x0000000088600000, 0x0000000088700000|  0%| F|  |TAMS 0x0000000088600000, 0x0000000088600000| Untracked 
|  53|0x0000000088700000, 0x0000000088700000, 0x0000000088800000|  0%| F|  |TAMS 0x0000000088700000, 0x0000000088700000| Untracked 
|  54|0x0000000088800000, 0x0000000088800000, 0x0000000088900000|  0%| F|  |TAMS 0x0000000088800000, 0x0000000088800000| Untracked 
|  55|0x0000000088900000, 0x0000000088900000, 0x0000000088a00000|  0%| F|  |TAMS 0x0000000088900000, 0x0000000088900000| Untracked 
|  56|0x0000000088a00000, 0x0000000088a00000, 0x0000000088b00000|  0%| F|  |TAMS 0x0000000088a00000, 0x0000000088a00000| Untracked 
|  57|0x0000000088b00000, 0x0000000088b00000, 0x0000000088c00000|  0%| F|  |TAMS 0x0000000088b00000, 0x0000000088b00000| Untracked 
|  58|0x0000000088c00000, 0x0000000088c00000, 0x0000000088d00000|  0%| F|  |TAMS 0x0000000088c00000, 0x0000000088c00000| Untracked 
|  59|0x0000000088d00000, 0x0000000088d00000, 0x0000000088e00000|  0%| F|  |TAMS 0x0000000088d00000, 0x0000000088d00000| Untracked 
|  60|0x0000000088e00000, 0x0000000088e00000, 0x0000000088f00000|  0%| F|  |TAMS 0x0000000088e00000, 0x0000000088e00000| Untracked 
|  61|0x0000000088f00000, 0x0000000088f00000, 0x0000000089000000|  0%| F|  |TAMS 0x0000000088f00000, 0x0000000088f00000| Untracked 
|  62|0x0000000089000000, 0x0000000089000000, 0x0000000089100000|  0%| F|  |TAMS 0x0000000089000000, 0x0000000089000000| Untracked 
|  63|0x0000000089100000, 0x0000000089100000, 0x0000000089200000|  0%| F|  |TAMS 0x0000000089100000, 0x0000000089100000| Untracked 
|  64|0x0000000089200000, 0x0000000089200000, 0x0000000089300000|  0%| F|  |TAMS 0x0000000089200000, 0x0000000089200000| Untracked 
|  65|0x0000000089300000, 0x0000000089300000, 0x0000000089400000|  0%| F|  |TAMS 0x0000000089300000, 0x0000000089300000| Untracked 
|  66|0x0000000089400000, 0x0000000089400000, 0x0000000089500000|  0%| F|  |TAMS 0x0000000089400000, 0x0000000089400000| Untracked 
|  67|0x0000000089500000, 0x0000000089500000, 0x0000000089600000|  0%| F|  |TAMS 0x0000000089500000, 0x0000000089500000| Untracked 
|  68|0x0000000089600000, 0x0000000089600000, 0x0000000089700000|  0%| F|  |TAMS 0x0000000089600000, 0x0000000089600000| Untracked 
|  69|0x0000000089700000, 0x0000000089700000, 0x0000000089800000|  0%| F|  |TAMS 0x0000000089700000, 0x0000000089700000| Untracked 
|  70|0x0000000089800000, 0x0000000089800000, 0x0000000089900000|  0%| F|  |TAMS 0x0000000089800000, 0x0000000089800000| Untracked 
|  71|0x0000000089900000, 0x0000000089900000, 0x0000000089a00000|  0%| F|  |TAMS 0x0000000089900000, 0x0000000089900000| Untracked 
|  72|0x0000000089a00000, 0x0000000089a00000, 0x0000000089b00000|  0%| F|  |TAMS 0x0000000089a00000, 0x0000000089a00000| Untracked 
|  73|0x0000000089b00000, 0x0000000089b00000, 0x0000000089c00000|  0%| F|  |TAMS 0x0000000089b00000, 0x0000000089b00000| Untracked 
|  74|0x0000000089c00000, 0x0000000089c00000, 0x0000000089d00000|  0%| F|  |TAMS 0x0000000089c00000, 0x0000000089c00000| Untracked 
|  75|0x0000000089d00000, 0x0000000089d00000, 0x0000000089e00000|  0%| F|  |TAMS 0x0000000089d00000, 0x0000000089d00000| Untracked 
|  76|0x0000000089e00000, 0x0000000089e00000, 0x0000000089f00000|  0%| F|  |TAMS 0x0000000089e00000, 0x0000000089e00000| Untracked 
|  77|0x0000000089f00000, 0x0000000089f00000, 0x000000008a000000|  0%| F|  |TAMS 0x0000000089f00000, 0x0000000089f00000| Untracked 
|  78|0x000000008a000000, 0x000000008a000000, 0x000000008a100000|  0%| F|  |TAMS 0x000000008a000000, 0x000000008a000000| Untracked 
|  79|0x000000008a100000, 0x000000008a100000, 0x000000008a200000|  0%| F|  |TAMS 0x000000008a100000, 0x000000008a100000| Untracked 
|  80|0x000000008a200000, 0x000000008a200000, 0x000000008a300000|  0%| F|  |TAMS 0x000000008a200000, 0x000000008a200000| Untracked 
|  81|0x000000008a300000, 0x000000008a300000, 0x000000008a400000|  0%| F|  |TAMS 0x000000008a300000, 0x000000008a300000| Untracked 
|  82|0x000000008a400000, 0x000000008a4d4520, 0x000000008a500000| 82%| S|  |TAMS 0x000000008a400000, 0x000000008a400000| Complete 
|  83|0x000000008a500000, 0x000000008a600000, 0x000000008a600000|100%| S|  |TAMS 0x000000008a500000, 0x000000008a500000| Complete 
|  84|0x000000008a600000, 0x000000008a700000, 0x000000008a700000|100%| S|  |TAMS 0x000000008a600000, 0x000000008a600000| Complete 
|  85|0x000000008a700000, 0x000000008a800000, 0x000000008a800000|100%| S|  |TAMS 0x000000008a700000, 0x000000008a700000| Complete 
|  86|0x000000008a800000, 0x000000008a900000, 0x000000008a900000|100%| E|CS|TAMS 0x000000008a800000, 0x000000008a800000| Complete 
|  87|0x000000008a900000, 0x000000008aa00000, 0x000000008aa00000|100%| E|CS|TAMS 0x000000008a900000, 0x000000008a900000| Complete 
|  88|0x000000008aa00000, 0x000000008ab00000, 0x000000008ab00000|100%| E|CS|TAMS 0x000000008aa00000, 0x000000008aa00000| Complete 
|  89|0x000000008ab00000, 0x000000008ac00000, 0x000000008ac00000|100%| E|CS|TAMS 0x000000008ab00000, 0x000000008ab00000| Complete 
|  90|0x000000008ac00000, 0x000000008ad00000, 0x000000008ad00000|100%| E|CS|TAMS 0x000000008ac00000, 0x000000008ac00000| Complete 
|  91|0x000000008ad00000, 0x000000008ae00000, 0x000000008ae00000|100%| E|CS|TAMS 0x000000008ad00000, 0x000000008ad00000| Complete 
|  92|0x000000008ae00000, 0x000000008af00000, 0x000000008af00000|100%| E|CS|TAMS 0x000000008ae00000, 0x000000008ae00000| Complete 
|  93|0x000000008af00000, 0x000000008b000000, 0x000000008b000000|100%| E|CS|TAMS 0x000000008af00000, 0x000000008af00000| Complete 
|  94|0x000000008b000000, 0x000000008b100000, 0x000000008b100000|100%| E|CS|TAMS 0x000000008b000000, 0x000000008b000000| Complete 
|  95|0x000000008b100000, 0x000000008b200000, 0x000000008b200000|100%| E|CS|TAMS 0x000000008b100000, 0x000000008b100000| Complete 
|  96|0x000000008b200000, 0x000000008b300000, 0x000000008b300000|100%| E|CS|TAMS 0x000000008b200000, 0x000000008b200000| Complete 
|  97|0x000000008b300000, 0x000000008b400000, 0x000000008b400000|100%| E|CS|TAMS 0x000000008b300000, 0x000000008b300000| Complete 
|  98|0x000000008b400000, 0x000000008b500000, 0x000000008b500000|100%| E|CS|TAMS 0x000000008b400000, 0x000000008b400000| Complete 
|  99|0x000000008b500000, 0x000000008b600000, 0x000000008b600000|100%| E|CS|TAMS 0x000000008b500000, 0x000000008b500000| Complete 
| 100|0x000000008b600000, 0x000000008b700000, 0x000000008b700000|100%| E|CS|TAMS 0x000000008b600000, 0x000000008b600000| Complete 
| 101|0x000000008b700000, 0x000000008b800000, 0x000000008b800000|100%| E|CS|TAMS 0x000000008b700000, 0x000000008b700000| Complete 
| 102|0x000000008b800000, 0x000000008b900000, 0x000000008b900000|100%| E|CS|TAMS 0x000000008b800000, 0x000000008b800000| Complete 
| 103|0x000000008b900000, 0x000000008ba00000, 0x000000008ba00000|100%| E|CS|TAMS 0x000000008b900000, 0x000000008b900000| Complete 
| 104|0x000000008ba00000, 0x000000008bb00000, 0x000000008bb00000|100%| E|CS|TAMS 0x000000008ba00000, 0x000000008ba00000| Complete 
| 105|0x000000008bb00000, 0x000000008bc00000, 0x000000008bc00000|100%| E|CS|TAMS 0x000000008bb00000, 0x000000008bb00000| Complete 
| 106|0x000000008bc00000, 0x000000008bd00000, 0x000000008bd00000|100%| E|CS|TAMS 0x000000008bc00000, 0x000000008bc00000| Complete 
| 107|0x000000008bd00000, 0x000000008be00000, 0x000000008be00000|100%| E|CS|TAMS 0x000000008bd00000, 0x000000008bd00000| Complete 
| 108|0x000000008be00000, 0x000000008bf00000, 0x000000008bf00000|100%| E|CS|TAMS 0x000000008be00000, 0x000000008be00000| Complete 
| 109|0x000000008bf00000, 0x000000008c000000, 0x000000008c000000|100%| E|CS|TAMS 0x000000008bf00000, 0x000000008bf00000| Complete 
| 110|0x000000008c000000, 0x000000008c100000, 0x000000008c100000|100%| E|CS|TAMS 0x000000008c000000, 0x000000008c000000| Complete 
| 111|0x000000008c100000, 0x000000008c200000, 0x000000008c200000|100%| E|CS|TAMS 0x000000008c100000, 0x000000008c100000| Complete 
| 112|0x000000008c200000, 0x000000008c300000, 0x000000008c300000|100%| E|CS|TAMS 0x000000008c200000, 0x000000008c200000| Complete 
| 113|0x000000008c300000, 0x000000008c400000, 0x000000008c400000|100%| E|CS|TAMS 0x000000008c300000, 0x000000008c300000| Complete 
| 114|0x000000008c400000, 0x000000008c500000, 0x000000008c500000|100%| E|CS|TAMS 0x000000008c400000, 0x000000008c400000| Complete 
| 115|0x000000008c500000, 0x000000008c600000, 0x000000008c600000|100%| E|CS|TAMS 0x000000008c500000, 0x000000008c500000| Complete 
| 116|0x000000008c600000, 0x000000008c700000, 0x000000008c700000|100%| E|CS|TAMS 0x000000008c600000, 0x000000008c600000| Complete 
| 117|0x000000008c700000, 0x000000008c800000, 0x000000008c800000|100%| E|CS|TAMS 0x000000008c700000, 0x000000008c700000| Complete 
| 118|0x000000008c800000, 0x000000008c900000, 0x000000008c900000|100%| E|CS|TAMS 0x000000008c800000, 0x000000008c800000| Complete 
| 119|0x000000008c900000, 0x000000008ca00000, 0x000000008ca00000|100%| E|CS|TAMS 0x000000008c900000, 0x000000008c900000| Complete 
| 120|0x000000008ca00000, 0x000000008cb00000, 0x000000008cb00000|100%| E|CS|TAMS 0x000000008ca00000, 0x000000008ca00000| Complete 
| 121|0x000000008cb00000, 0x000000008cc00000, 0x000000008cc00000|100%| E|CS|TAMS 0x000000008cb00000, 0x000000008cb00000| Complete 
| 122|0x000000008cc00000, 0x000000008cd00000, 0x000000008cd00000|100%| E|CS|TAMS 0x000000008cc00000, 0x000000008cc00000| Complete 
| 123|0x000000008cd00000, 0x000000008ce00000, 0x000000008ce00000|100%| E|CS|TAMS 0x000000008cd00000, 0x000000008cd00000| Complete 
|1964|0x00000000ffe00000, 0x00000000ffe35000, 0x00000000fff00000| 20%|OA|  |TAMS 0x00000000ffe00000, 0x00000000ffe00000| Untracked 
|1965|0x00000000fff00000, 0x00000000fff6a000, 0x0000000100000000| 41%|CA|  |TAMS 0x00000000fff00000, 0x00000000fff00000| Untracked 

Card table byte_map: [0x00007f823c5a7000,0x00007f823c97e000] _byte_map_base: 0x00007f823c17e000

Marking Bits (Prev, Next): (CMBitMap*) 0x00007f8254052d28, (CMBitMap*) 0x00007f8254052d60
 Prev Bits: [0x00007f8236148000, 0x00007f8238000000)
 Next Bits: [0x00007f8234290000, 0x00007f8236148000)

Polling page: 0x00007f825cb4b000

Metaspace:

Usage:
  Non-class:     10.80 MB capacity,    10.47 MB ( 97%) used,   294.46 KB (  3%) free+waste,    50.62 KB ( <1%) overhead. 
      Class:      1.94 MB capacity,     1.72 MB ( 89%) used,   197.64 KB ( 10%) free+waste,    27.62 KB (  1%) overhead. 
       Both:     12.74 MB capacity,    12.18 MB ( 96%) used,   492.10 KB (  4%) free+waste,    78.25 KB ( <1%) overhead. 

Virtual space:
  Non-class space:       12.00 MB reserved,      11.00 MB ( 92%) committed 
      Class space:        1.00 GB reserved,       2.00 MB ( <1%) committed 
             Both:        1.01 GB reserved,      13.00 MB (  1%) committed 

Chunk freelists:
   Non-Class:  16.00 KB
       Class:  2.00 KB
        Both:  18.00 KB

CodeHeap 'non-profiled nmethods': size=238948Kb used=2391Kb max_used=2391Kb free=236556Kb
 bounds [0x00007f823d025000, 0x00007f823d295000, 0x00007f824b97e000]
CodeHeap 'non-nmethods': size=6812Kb used=1139Kb max_used=1139Kb free=5673Kb
 bounds [0x00007f823c97e000, 0x00007f823cbee000, 0x00007f823d025000]
 total_blobs=2134 nmethods=1642 adapters=394
 compilation: enabled
              stopped_count=0, restarted_count=0
 full_count=0

Compilation events (10 events):
Event: 0.638 Thread 0x00007f825411c000 nmethod 1645 0x00007f823d277910 code [0x00007f823d277ac0, 0x00007f823d277bf0]
Event: 0.638 Thread 0x00007f825411c000 1646       1       java.util.BitSet::get (69 bytes)
Event: 0.638 Thread 0x00007f825411c000 nmethod 1646 0x00007f823d277c90 code [0x00007f823d277ea0, 0x00007f823d278368]
Event: 0.639 Thread 0x00007f825411c000 1648  s!   1       jdk.internal.loader.URLClassPath::getLoader (194 bytes)
Event: 0.640 Thread 0x00007f825411c000 nmethod 1648 0x00007f823d278a90 code [0x00007f823d278d40, 0x00007f823d279b38]
Event: 0.640 Thread 0x00007f825411c000 1650       1       jdk.internal.misc.Unsafe::defineAnonymousClass (46 bytes)
Event: 0.640 Thread 0x00007f825411c000 nmethod 1650 0x00007f823d27a390 code [0x00007f823d27a580, 0x00007f823d27a8d8]
Event: 0.640 Thread 0x00007f825411c000 1649       1       java.lang.invoke.MethodType::changeReturnType (20 bytes)
Event: 0.640 Thread 0x00007f825411c000 nmethod 1649 0x00007f823d27aa10 code [0x00007f823d27abc0, 0x00007f823d27ad48]
Event: 0.640 Thread 0x00007f825411c000 1652       1       java.lang.reflect.ProxyGenerator$ConstantPool::getMethodRef (33 bytes)

GC Heap History (3 events):
Event: 0.349 GC heap before
{Heap before GC invocations=0 (full 0):
 garbage-first heap   total 129024K, used 13948K [0x0000000085200000, 0x0000000100000000)
  region size 1024K, 14 young (14336K), 0 survivors (0K)
 Metaspace       used 5592K, capacity 5909K, committed 6016K, reserved 1056768K
  class space    used 709K, capacity 835K, committed 896K, reserved 1048576K
}
Event: 0.358 GC heap after
{Heap after GC invocations=1 (full 0):
 garbage-first heap   total 129024K, used 5720K [0x0000000085200000, 0x0000000100000000)
  region size 1024K, 2 young (2048K), 2 survivors (2048K)
 Metaspace       used 5592K, capacity 5909K, committed 6016K, reserved 1056768K
  class space    used 709K, capacity 835K, committed 896K, reserved 1048576K
}
Event: 0.640 GC heap before
{Heap before GC invocations=1 (full 0):
 garbage-first heap   total 129024K, used 42584K [0x0000000085200000, 0x0000000100000000)
  region size 1024K, 38 young (38912K), 2 survivors (2048K)
 Metaspace       used 12475K, capacity 13046K, committed 13312K, reserved 1060864K
  class space    used 1756K, capacity 1982K, committed 2048K, reserved 1048576K
}

Deoptimization events (0 events):
No events

Classes redefined (0 events):
No events

Internal exceptions (10 events):
Event: 0.505 Thread 0x00007f8254014000 Exception <a 'java/lang/NoSuchMethodError'{0x000000008c119028}: java.lang.invoke.DirectMethodHandle$Holder.invokeStatic(Ljava/lang/Object;Ljava/lang/Object;Ljava/lang/Object;Ljava/lang/Object;)V> (0x000000008c119028) thrown at [/build/openjdk-lts-TkRlmw/o
Event: 0.520 Thread 0x00007f8254014000 Exception <a 'java/lang/NoSuchMethodError'{0x000000008bd2f960}: java.lang.invoke.DirectMethodHandle$Holder.invokeVirtual(Ljava/lang/Object;Ljava/lang/Object;Ljava/lang/Object;)Ljava/lang/Object;> (0x000000008bd2f960) thrown at [/build/openjdk-lts-TkRlmw/o
Event: 0.524 Thread 0x00007f8254014000 Exception <a 'java/lang/NoSuchMethodError'{0x000000008bdec118}: java.lang.invoke.DirectMethodHandle$Holder.invokeSpecialIFC(Ljava/lang/Object;Ljava/lang/Object;I)I> (0x000000008bdec118) thrown at [/build/openjdk-lts-TkRlmw/openjdk-lts-11.0.3+7/src/hotspot
Event: 0.531 Thread 0x00007f8254014000 Exception <a 'java/lang/NoSuchMethodError'{0x000000008bca1420}: java.lang.invoke.DirectMethodHandle$Holder.invokeStaticInit(Ljava/lang/Object;Ljava/lang/Object;)V> (0x000000008bca1420) thrown at [/build/openjdk-lts-TkRlmw/openjdk-lts-11.0.3+7/src/hotspot/
Event: 0.588 Thread 0x00007f8254014000 Exception <a 'java/lang/NoSuchMethodError'{0x000000008b439360}: java.lang.invoke.DirectMethodHandle$Holder.invokeSpecial(Ljava/lang/Object;Ljava/lang/Object;Ljava/lang/Object;Ljava/lang/Object;Ljava/lang/Object;Ljava/lang/Object;I)Ljava/lang/Object;> (0x0
Event: 0.588 Thread 0x00007f8254014000 Exception <a 'java/lang/NoSuchMethodError'{0x000000008b442b18}: java.lang.invoke.DirectMethodHandle$Holder.invokeSpecial(Ljava/lang/Object;Ljava/lang/Object;Ljava/lang/Object;Ljava/lang/Object;Ljava/lang/Object;Ljava/lang/Object;Ljava/lang/Object;I)Ljava/
Event: 0.588 Thread 0x00007f8254014000 Exception <a 'java/lang/NoSuchMethodError'{0x000000008b446718}: java.lang.invoke.Invokers$Holder.linkToTargetMethod(Ljava/lang/Object;Ljava/lang/Object;Ljava/lang/Object;Ljava/lang/Object;Ljava/lang/Object;ILjava/lang/Object;)Ljava/lang/Object;> (0x000000
Event: 0.632 Thread 0x00007f8254014000 Exception <a 'java/lang/NoSuchMethodError'{0x000000008a90bee0}: org.slf4j.impl.StaticMDCBinder.getSingleton()Lorg/slf4j/impl/StaticMDCBinder;> (0x000000008a90bee0) thrown at [/build/openjdk-lts-TkRlmw/openjdk-lts-11.0.3+7/src/hotspot/share/interpreter/lin
Event: 0.639 Thread 0x00007f8254734800 Exception <a 'java/lang/NoSuchMethodError'{0x000000008a83ed28}: java.lang.invoke.DirectMethodHandle$Holder.invokeSpecial(Ljava/lang/Object;Ljava/lang/Object;Ljava/lang/Object;Ljava/lang/Object;Ljava/lang/Object;)V> (0x000000008a83ed28) thrown at [/build/o
Event: 0.639 Thread 0x00007f8254734800 Exception <a 'java/lang/NoSuchMethodError'{0x000000008a846c58}: java.lang.invoke.DirectMethodHandle$Holder.invokeStaticInit(Ljava/lang/Object;Ljava/lang/Object;Ljava/lang/Object;)I> (0x000000008a846c58) thrown at [/build/openjdk-lts-TkRlmw/openjdk-lts-11.

Events (10 events):
Event: 0.640 loading class org/springframework/boot/autoconfigure/SpringBootApplication done
Event: 0.640 loading class org/springframework/http/MediaType$1
Event: 0.640 loading class org/springframework/http/MediaType$1 done
Event: 0.640 loading class javax/xml/bind/Binder
Event: 0.640 loading class javax/xml/bind/Binder done
Event: 0.640 loading class com/fasterxml/jackson/databind/ObjectMapper
Event: 0.640 loading class com/fasterxml/jackson/databind/ObjectMapper done
Event: 0.640 loading class org/springframework/boot/SpringBootConfiguration
Event: 0.640 loading class org/springframework/boot/SpringBootConfiguration done
Event: 0.640 Executing VM operation: G1CollectForAllocation


Dynamic libraries:
85200000-8ce00000 rw-p 00000000 00:00 0 
8ce00000-ffe00000 ---p 00000000 00:00 0 
ffe00000-ffe35000 rw-p 0111e000 08:02 10355699                           /usr/lib/jvm/java-11-openjdk-amd64/lib/server/classes.jsa
ffe35000-fff00000 rw-p 00000000 00:00 0 
fff00000-fff6a000 rw-p 010b4000 08:02 10355699                           /usr/lib/jvm/java-11-openjdk-amd64/lib/server/classes.jsa
fff6a000-100000000 rw-p 00000000 00:00 0 
800000000-800002000 rwxp 00001000 08:02 10355699                         /usr/lib/jvm/java-11-openjdk-amd64/lib/server/classes.jsa
800002000-8003bf000 rw-p 00003000 08:02 10355699                         /usr/lib/jvm/java-11-openjdk-amd64/lib/server/classes.jsa
8003bf000-800a9c000 r--p 003c0000 08:02 10355699                         /usr/lib/jvm/java-11-openjdk-amd64/lib/server/classes.jsa
800a9c000-800a9d000 rw-p 00a9d000 08:02 10355699                         /usr/lib/jvm/java-11-openjdk-amd64/lib/server/classes.jsa
800a9d000-8010b3000 r--p 00a9e000 08:02 10355699                         /usr/lib/jvm/java-11-openjdk-amd64/lib/server/classes.jsa
840000000-840200000 rw-p 00000000 00:00 0 
840200000-880000000 ---p 00000000 00:00 0 
55aa9c35c000-55aa9c35d000 r-xp 00000000 08:02 10360945                   /usr/lib/jvm/java-11-openjdk-amd64/bin/java
55aa9c55d000-55aa9c55e000 r--p 00001000 08:02 10360945                   /usr/lib/jvm/java-11-openjdk-amd64/bin/java
55aa9c55e000-55aa9c55f000 rw-p 00002000 08:02 10360945                   /usr/lib/jvm/java-11-openjdk-amd64/bin/java
55aa9d6a9000-55aa9d6ca000 rw-p 00000000 00:00 0                          [heap]
7f81d0000000-7f81d0021000 rw-p 00000000 00:00 0 
7f81d0021000-7f81d4000000 ---p 00000000 00:00 0 
7f81d8000000-7f81d8021000 rw-p 00000000 00:00 0 
7f81d8021000-7f81dc000000 ---p 00000000 00:00 0 
7f81dc000000-7f81dc157000 rw-p 00000000 00:00 0 
7f81dc157000-7f81e0000000 ---p 00000000 00:00 0 
7f81e0000000-7f81e0021000 rw-p 00000000 00:00 0 
7f81e0021000-7f81e4000000 ---p 00000000 00:00 0 
7f81e4000000-7f81e4021000 rw-p 00000000 00:00 0 
7f81e4021000-7f81e8000000 ---p 00000000 00:00 0 
7f81e8000000-7f81e8021000 rw-p 00000000 00:00 0 
7f81e8021000-7f81ec000000 ---p 00000000 00:00 0 
7f81ec000000-7f81ec021000 rw-p 00000000 00:00 0 
7f81ec021000-7f81f0000000 ---p 00000000 00:00 0 
7f81f0000000-7f81f0021000 rw-p 00000000 00:00 0 
7f81f0021000-7f81f4000000 ---p 00000000 00:00 0 
7f81f4000000-7f81f4021000 rw-p 00000000 00:00 0 
7f81f4021000-7f81f8000000 ---p 00000000 00:00 0 
7f81f8000000-7f81f8021000 rw-p 00000000 00:00 0 
7f81f8021000-7f81fc000000 ---p 00000000 00:00 0 
7f81fc000000-7f81fc021000 rw-p 00000000 00:00 0 
7f81fc021000-7f8200000000 ---p 00000000 00:00 0 
7f8202acc000-7f8202acd000 ---p 00000000 00:00 0 
7f8202acd000-7f8202cce000 rw-p 00000000 00:00 0 
7f8202cce000-7f8202dce000 ---p 00000000 00:00 0 
7f8202dce000-7f8202fce000 rw-p 00000000 00:00 0 
7f8202fce000-7f8202fd2000 ---p 00000000 00:00 0 
7f8202fd2000-7f82030cf000 rw-p 00000000 00:00 0 
7f82030cf000-7f82030d0000 ---p 00000000 00:00 0 
7f82030d0000-7f82031d1000 rw-p 00000000 00:00 0 
7f82031d1000-7f82031d2000 ---p 00000000 00:00 0 
7f82031d2000-7f82032d3000 rw-p 00000000 00:00 0 
7f82032d3000-7f82032d4000 ---p 00000000 00:00 0 
7f82032d4000-7f82033d5000 rw-p 00000000 00:00 0 
7f82033d5000-7f82033d6000 ---p 00000000 00:00 0 
7f82033d6000-7f82034d7000 rw-p 00000000 00:00 0 
7f82034d7000-7f82034d8000 ---p 00000000 00:00 0 
7f82034d8000-7f82035d9000 rw-p 00000000 00:00 0 
7f82035d9000-7f82035dd000 ---p 00000000 00:00 0 
7f82035dd000-7f82036da000 rw-p 00000000 00:00 0 
7f82036da000-7f82036de000 ---p 00000000 00:00 0 
7f82036de000-7f82037db000 rw-p 00000000 00:00 0 
7f82037db000-7f82037dd000 r-xp 00000000 08:02 10360998                   /usr/lib/jvm/java-11-openjdk-amd64/lib/libextnet.so
7f82037dd000-7f82039dc000 ---p 00002000 08:02 10360998                   /usr/lib/jvm/java-11-openjdk-amd64/lib/libextnet.so
7f82039dc000-7f82039dd000 r--p 00001000 08:02 10360998                   /usr/lib/jvm/java-11-openjdk-amd64/lib/libextnet.so
7f82039dd000-7f82039de000 rw-p 00002000 08:02 10360998                   /usr/lib/jvm/java-11-openjdk-amd64/lib/libextnet.so
7f82039de000-7f82039e3000 r-xp 00000000 08:02 10361096                   /usr/lib/jvm/java-11-openjdk-amd64/lib/libmanagement_ext.so
7f82039e3000-7f8203be2000 ---p 00005000 08:02 10361096                   /usr/lib/jvm/java-11-openjdk-amd64/lib/libmanagement_ext.so
7f8203be2000-7f8203be3000 r--p 00004000 08:02 10361096                   /usr/lib/jvm/java-11-openjdk-amd64/lib/libmanagement_ext.so
7f8203be3000-7f8203be4000 rw-p 00005000 08:02 10361096                   /usr/lib/jvm/java-11-openjdk-amd64/lib/libmanagement_ext.so
7f8203be4000-7f8203be8000 r-xp 00000000 08:02 10361094                   /usr/lib/jvm/java-11-openjdk-amd64/lib/libmanagement.so
7f8203be8000-7f8203de7000 ---p 00004000 08:02 10361094                   /usr/lib/jvm/java-11-openjdk-amd64/lib/libmanagement.so
7f8203de7000-7f8203de8000 r--p 00003000 08:02 10361094                   /usr/lib/jvm/java-11-openjdk-amd64/lib/libmanagement.so
7f8203de8000-7f8203de9000 rw-p 00004000 08:02 10361094                   /usr/lib/jvm/java-11-openjdk-amd64/lib/libmanagement.so
7f8203de9000-7f8203dff000 r-xp 00000000 08:02 10361098                   /usr/lib/jvm/java-11-openjdk-amd64/lib/libnet.so
7f8203dff000-7f8203ffe000 ---p 00016000 08:02 10361098                   /usr/lib/jvm/java-11-openjdk-amd64/lib/libnet.so
7f8203ffe000-7f8203fff000 r--p 00015000 08:02 10361098                   /usr/lib/jvm/java-11-openjdk-amd64/lib/libnet.so
7f8203fff000-7f8204000000 rw-p 00016000 08:02 10361098                   /usr/lib/jvm/java-11-openjdk-amd64/lib/libnet.so
7f8204000000-7f8204021000 rw-p 00000000 00:00 0 
7f8204021000-7f8208000000 ---p 00000000 00:00 0 
7f8208000000-7f8208021000 rw-p 00000000 00:00 0 
7f8208021000-7f820c000000 ---p 00000000 00:00 0 
7f820c000000-7f820c021000 rw-p 00000000 00:00 0 
7f820c021000-7f8210000000 ---p 00000000 00:00 0 
7f8210000000-7f82102f9000 rw-p 00000000 00:00 0 
7f82102f9000-7f8214000000 ---p 00000000 00:00 0 
7f8214000000-7f8214021000 rw-p 00000000 00:00 0 
7f8214021000-7f8218000000 ---p 00000000 00:00 0 
7f8218000000-7f8218021000 rw-p 00000000 00:00 0 
7f8218021000-7f821c000000 ---p 00000000 00:00 0 
7f821c000000-7f821c021000 rw-p 00000000 00:00 0 
7f821c021000-7f8220000000 ---p 00000000 00:00 0 
7f8220000000-7f8220021000 rw-p 00000000 00:00 0 
7f8220021000-7f8224000000 ---p 00000000 00:00 0 
7f8224000000-7f8224021000 rw-p 00000000 00:00 0 
7f8224021000-7f8228000000 ---p 00000000 00:00 0 
7f8228000000-7f8228021000 rw-p 00000000 00:00 0 
7f8228021000-7f822c000000 ---p 00000000 00:00 0 
7f822c011000-7f822c015000 ---p 00000000 00:00 0 
7f822c015000-7f822c112000 rw-p 00000000 00:00 0 
7f822c112000-7f822c122000 r-xp 00000000 08:02 10361099                   /usr/lib/jvm/java-11-openjdk-amd64/lib/libnio.so
7f822c122000-7f822c321000 ---p 00010000 08:02 10361099                   /usr/lib/jvm/java-11-openjdk-amd64/lib/libnio.so
7f822c321000-7f822c322000 r--p 0000f000 08:02 10361099                   /usr/lib/jvm/java-11-openjdk-amd64/lib/libnio.so
7f822c322000-7f822c323000 rw-p 00010000 08:02 10361099                   /usr/lib/jvm/java-11-openjdk-amd64/lib/libnio.so
7f822c323000-7f822c327000 ---p 00000000 00:00 0 
7f822c327000-7f822c424000 rw-p 00000000 00:00 0 
7f822c424000-7f822c428000 ---p 00000000 00:00 0 
7f822c428000-7f822c525000 rw-p 00000000 00:00 0 
7f822c525000-7f822c529000 ---p 00000000 00:00 0 
7f822c529000-7f822c626000 rw-p 00000000 00:00 0 
7f822c626000-7f822c62a000 ---p 00000000 00:00 0 
7f822c62a000-7f822c727000 rw-p 00000000 00:00 0 
7f822c727000-7f822c72b000 ---p 00000000 00:00 0 
7f822c72b000-7f822c828000 rw-p 00000000 00:00 0 
7f822c828000-7f822d1f7000 r--p 00000000 08:02 10361460                   /usr/lib/locale/locale-archive
7f822d1f7000-7f822d1fb000 ---p 00000000 00:00 0 
7f822d1fb000-7f822d2f8000 rw-p 00000000 00:00 0 
7f822d2f8000-7f822d2fc000 ---p 00000000 00:00 0 
7f822d2fc000-7f822d3f9000 rw-p 00000000 00:00 0 
7f822d3f9000-7f822d3fa000 ---p 00000000 00:00 0 
7f822d3fa000-7f822dcfb000 rw-p 00000000 00:00 0 
7f822dcfb000-7f822dcfc000 ---p 00000000 00:00 0 
7f822dcfc000-7f822ddfd000 rw-p 00000000 00:00 0 
7f822ddfd000-7f822ddfe000 ---p 00000000 00:00 0 
7f822ddfe000-7f8230000000 rw-p 00000000 00:00 0 
7f8230000000-7f8230021000 rw-p 00000000 00:00 0 
7f8230021000-7f8234000000 ---p 00000000 00:00 0 
7f823400d000-7f8234480000 rw-p 00000000 00:00 0 
7f8234480000-7f8236140000 ---p 00000000 00:00 0 
7f8236140000-7f8236338000 rw-p 00000000 00:00 0 
7f8236338000-7f8237ff8000 ---p 00000000 00:00 0 
7f8237ff8000-7f8238000000 rw-p 00000000 00:00 0 
7f8238000000-7f8238021000 rw-p 00000000 00:00 0 
7f8238021000-7f823c000000 ---p 00000000 00:00 0 
7f823c074000-7f823c20e000 rw-p 00000000 00:00 0 
7f823c20e000-7f823c5a6000 ---p 00000000 00:00 0 
7f823c5a6000-7f823c5e5000 rw-p 00000000 00:00 0 
7f823c5e5000-7f823c97d000 ---p 00000000 00:00 0 
7f823c97d000-7f823c97e000 rw-p 00000000 00:00 0 
7f823c97e000-7f823cbee000 rwxp 00000000 00:00 0 
7f823cbee000-7f823d025000 ---p 00000000 00:00 0 
7f823d025000-7f823d295000 rwxp 00000000 00:00 0 
7f823d295000-7f824b97e000 ---p 00000000 00:00 0 
7f824b97e000-7f8254000000 r--s 00000000 08:02 10361108                   /usr/lib/jvm/java-11-openjdk-amd64/lib/modules
7f8254000000-7f8254833000 rw-p 00000000 00:00 0 
7f8254833000-7f8258000000 ---p 00000000 00:00 0 
7f825801c000-7f825804d000 rw-p 00000000 00:00 0 
7f825804d000-7f825804e000 ---p 00000000 00:00 0 
7f825804e000-7f825814f000 rw-p 00000000 00:00 0 
7f825814f000-7f8258150000 ---p 00000000 00:00 0 
7f8258150000-7f825828f000 rw-p 00000000 00:00 0 
7f825828f000-7f8258627000 ---p 00000000 00:00 0 
7f8258627000-7f8258a2c000 rw-p 00000000 00:00 0 
7f8258a2c000-7f8258a2d000 ---p 00000000 00:00 0 
7f8258a2d000-7f8258b33000 rw-p 00000000 00:00 0 
7f8258b33000-7f8258d01000 ---p 00000000 00:00 0 
7f8258d01000-7f8258d06000 r-xp 00000000 08:02 10361090                   /usr/lib/jvm/java-11-openjdk-amd64/lib/libjimage.so
7f8258d06000-7f8258f05000 ---p 00005000 08:02 10361090                   /usr/lib/jvm/java-11-openjdk-amd64/lib/libjimage.so
7f8258f05000-7f8258f06000 r--p 00004000 08:02 10361090                   /usr/lib/jvm/java-11-openjdk-amd64/lib/libjimage.so
7f8258f06000-7f8258f07000 rw-p 00005000 08:02 10361090                   /usr/lib/jvm/java-11-openjdk-amd64/lib/libjimage.so
7f8258f07000-7f8258f0e000 r-xp 00000000 08:02 10361107                   /usr/lib/jvm/java-11-openjdk-amd64/lib/libzip.so
7f8258f0e000-7f825910d000 ---p 00007000 08:02 10361107                   /usr/lib/jvm/java-11-openjdk-amd64/lib/libzip.so
7f825910d000-7f825910e000 r--p 00006000 08:02 10361107                   /usr/lib/jvm/java-11-openjdk-amd64/lib/libzip.so
7f825910e000-7f825910f000 rw-p 00007000 08:02 10361107                   /usr/lib/jvm/java-11-openjdk-amd64/lib/libzip.so
7f825910f000-7f825911a000 r-xp 00000000 08:02 10752751                   /lib/x86_64-linux-gnu/libnss_files-2.27.so
7f825911a000-7f8259319000 ---p 0000b000 08:02 10752751                   /lib/x86_64-linux-gnu/libnss_files-2.27.so
7f8259319000-7f825931a000 r--p 0000a000 08:02 10752751                   /lib/x86_64-linux-gnu/libnss_files-2.27.so
7f825931a000-7f825931b000 rw-p 0000b000 08:02 10752751                   /lib/x86_64-linux-gnu/libnss_files-2.27.so
7f825931b000-7f8259321000 rw-p 00000000 00:00 0 
7f8259321000-7f8259338000 r-xp 00000000 08:02 10752745                   /lib/x86_64-linux-gnu/libnsl-2.27.so
7f8259338000-7f8259537000 ---p 00017000 08:02 10752745                   /lib/x86_64-linux-gnu/libnsl-2.27.so
7f8259537000-7f8259538000 r--p 00016000 08:02 10752745                   /lib/x86_64-linux-gnu/libnsl-2.27.so
7f8259538000-7f8259539000 rw-p 00017000 08:02 10752745                   /lib/x86_64-linux-gnu/libnsl-2.27.so
7f8259539000-7f825953b000 rw-p 00000000 00:00 0 
7f825953b000-7f8259546000 r-xp 00000000 08:02 10752762                   /lib/x86_64-linux-gnu/libnss_nis-2.27.so
7f8259546000-7f8259745000 ---p 0000b000 08:02 10752762                   /lib/x86_64-linux-gnu/libnss_nis-2.27.so
7f8259745000-7f8259746000 r--p 0000a000 08:02 10752762                   /lib/x86_64-linux-gnu/libnss_nis-2.27.so
7f8259746000-7f8259747000 rw-p 0000b000 08:02 10752762                   /lib/x86_64-linux-gnu/libnss_nis-2.27.so
7f8259747000-7f825974f000 r-xp 00000000 08:02 10752747                   /lib/x86_64-linux-gnu/libnss_compat-2.27.so
7f825974f000-7f825994f000 ---p 00008000 08:02 10752747                   /lib/x86_64-linux-gnu/libnss_compat-2.27.so
7f825994f000-7f8259950000 r--p 00008000 08:02 10752747                   /lib/x86_64-linux-gnu/libnss_compat-2.27.so
7f8259950000-7f8259951000 rw-p 00009000 08:02 10752747                   /lib/x86_64-linux-gnu/libnss_compat-2.27.so
7f8259951000-7f825997a000 r-xp 00000000 08:02 10361086                   /usr/lib/jvm/java-11-openjdk-amd64/lib/libjava.so
7f825997a000-7f8259b79000 ---p 00029000 08:02 10361086                   /usr/lib/jvm/java-11-openjdk-amd64/lib/libjava.so
7f8259b79000-7f8259b7a000 r--p 00028000 08:02 10361086                   /usr/lib/jvm/java-11-openjdk-amd64/lib/libjava.so
7f8259b7a000-7f8259b7c000 rw-p 00029000 08:02 10361086                   /usr/lib/jvm/java-11-openjdk-amd64/lib/libjava.so
7f8259b7c000-7f8259b89000 r-xp 00000000 08:02 10361106                   /usr/lib/jvm/java-11-openjdk-amd64/lib/libverify.so
7f8259b89000-7f8259d88000 ---p 0000d000 08:02 10361106                   /usr/lib/jvm/java-11-openjdk-amd64/lib/libverify.so
7f8259d88000-7f8259d8a000 r--p 0000c000 08:02 10361106                   /usr/lib/jvm/java-11-openjdk-amd64/lib/libverify.so
7f8259d8a000-7f8259d8b000 rw-p 0000e000 08:02 10361106                   /usr/lib/jvm/java-11-openjdk-amd64/lib/libverify.so
7f8259d8b000-7f8259d92000 r-xp 00000000 08:02 10752802                   /lib/x86_64-linux-gnu/librt-2.27.so
7f8259d92000-7f8259f91000 ---p 00007000 08:02 10752802                   /lib/x86_64-linux-gnu/librt-2.27.so
7f8259f91000-7f8259f92000 r--p 00006000 08:02 10752802                   /lib/x86_64-linux-gnu/librt-2.27.so
7f8259f92000-7f8259f93000 rw-p 00007000 08:02 10752802                   /lib/x86_64-linux-gnu/librt-2.27.so
7f8259f93000-7f8259faa000 r-xp 00000000 08:02 10748292                   /lib/x86_64-linux-gnu/libgcc_s.so.1
7f8259faa000-7f825a1a9000 ---p 00017000 08:02 10748292                   /lib/x86_64-linux-gnu/libgcc_s.so.1
7f825a1a9000-7f825a1aa000 r--p 00016000 08:02 10748292                   /lib/x86_64-linux-gnu/libgcc_s.so.1
7f825a1aa000-7f825a1ab000 rw-p 00017000 08:02 10748292                   /lib/x86_64-linux-gnu/libgcc_s.so.1
7f825a1ab000-7f825a348000 r-xp 00000000 08:02 10752724                   /lib/x86_64-linux-gnu/libm-2.27.so
7f825a348000-7f825a547000 ---p 0019d000 08:02 10752724                   /lib/x86_64-linux-gnu/libm-2.27.so
7f825a547000-7f825a548000 r--p 0019c000 08:02 10752724                   /lib/x86_64-linux-gnu/libm-2.27.so
7f825a548000-7f825a549000 rw-p 0019d000 08:02 10752724                   /lib/x86_64-linux-gnu/libm-2.27.so
7f825a549000-7f825a6c2000 r-xp 00000000 08:02 10355208                   /usr/lib/x86_64-linux-gnu/libstdc++.so.6.0.25
7f825a6c2000-7f825a8c2000 ---p 00179000 08:02 10355208                   /usr/lib/x86_64-linux-gnu/libstdc++.so.6.0.25
7f825a8c2000-7f825a8cc000 r--p 00179000 08:02 10355208                   /usr/lib/x86_64-linux-gnu/libstdc++.so.6.0.25
7f825a8cc000-7f825a8ce000 rw-p 00183000 08:02 10355208                   /usr/lib/x86_64-linux-gnu/libstdc++.so.6.0.25
7f825a8ce000-7f825a8d2000 rw-p 00000000 00:00 0 
7f825a8d2000-7f825b99a000 r-xp 00000000 08:02 10361111                   /usr/lib/jvm/java-11-openjdk-amd64/lib/server/libjvm.so
7f825b99a000-7f825bb9a000 ---p 010c8000 08:02 10361111                   /usr/lib/jvm/java-11-openjdk-amd64/lib/server/libjvm.so
7f825bb9a000-7f825bc57000 r--p 010c8000 08:02 10361111                   /usr/lib/jvm/java-11-openjdk-amd64/lib/server/libjvm.so
7f825bc57000-7f825bc90000 rw-p 01185000 08:02 10361111                   /usr/lib/jvm/java-11-openjdk-amd64/lib/server/libjvm.so
7f825bc90000-7f825bce6000 rw-p 00000000 00:00 0 
7f825bce6000-7f825bd00000 r-xp 00000000 08:02 10752794                   /lib/x86_64-linux-gnu/libpthread-2.27.so
7f825bd00000-7f825beff000 ---p 0001a000 08:02 10752794                   /lib/x86_64-linux-gnu/libpthread-2.27.so
7f825beff000-7f825bf00000 r--p 00019000 08:02 10752794                   /lib/x86_64-linux-gnu/libpthread-2.27.so
7f825bf00000-7f825bf01000 rw-p 0001a000 08:02 10752794                   /lib/x86_64-linux-gnu/libpthread-2.27.so
7f825bf01000-7f825bf05000 rw-p 00000000 00:00 0 
7f825bf05000-7f825bf08000 r-xp 00000000 08:02 10752684                   /lib/x86_64-linux-gnu/libdl-2.27.so
7f825bf08000-7f825c107000 ---p 00003000 08:02 10752684                   /lib/x86_64-linux-gnu/libdl-2.27.so
7f825c107000-7f825c108000 r--p 00002000 08:02 10752684                   /lib/x86_64-linux-gnu/libdl-2.27.so
7f825c108000-7f825c109000 rw-p 00003000 08:02 10752684                   /lib/x86_64-linux-gnu/libdl-2.27.so
7f825c109000-7f825c125000 r-xp 00000000 08:02 10752833                   /lib/x86_64-linux-gnu/libz.so.1.2.11
7f825c125000-7f825c324000 ---p 0001c000 08:02 10752833                   /lib/x86_64-linux-gnu/libz.so.1.2.11
7f825c324000-7f825c325000 r--p 0001b000 08:02 10752833                   /lib/x86_64-linux-gnu/libz.so.1.2.11
7f825c325000-7f825c326000 rw-p 0001c000 08:02 10752833                   /lib/x86_64-linux-gnu/libz.so.1.2.11
7f825c326000-7f825c50d000 r-xp 00000000 08:02 10752661                   /lib/x86_64-linux-gnu/libc-2.27.so
7f825c50d000-7f825c70d000 ---p 001e7000 08:02 10752661                   /lib/x86_64-linux-gnu/libc-2.27.so
7f825c70d000-7f825c711000 r--p 001e7000 08:02 10752661                   /lib/x86_64-linux-gnu/libc-2.27.so
7f825c711000-7f825c713000 rw-p 001eb000 08:02 10752661                   /lib/x86_64-linux-gnu/libc-2.27.so
7f825c713000-7f825c717000 rw-p 00000000 00:00 0 
7f825c717000-7f825c726000 r-xp 00000000 08:02 10360990                   /usr/lib/jvm/java-11-openjdk-amd64/lib/jli/libjli.so
7f825c726000-7f825c926000 ---p 0000f000 08:02 10360990                   /usr/lib/jvm/java-11-openjdk-amd64/lib/jli/libjli.so
7f825c926000-7f825c927000 r--p 0000f000 08:02 10360990                   /usr/lib/jvm/java-11-openjdk-amd64/lib/jli/libjli.so
7f825c927000-7f825c928000 rw-p 00010000 08:02 10360990                   /usr/lib/jvm/java-11-openjdk-amd64/lib/jli/libjli.so
7f825c928000-7f825c94f000 r-xp 00000000 08:02 10752633                   /lib/x86_64-linux-gnu/ld-2.27.so
7f825c97b000-7f825ca2c000 rw-p 00000000 00:00 0 
7f825ca2c000-7f825ca35000 ---p 00000000 00:00 0 
7f825ca35000-7f825ca39000 ---p 00000000 00:00 0 
7f825ca39000-7f825cb38000 rw-p 00000000 00:00 0 
7f825cb41000-7f825cb43000 r--s 00007000 08:02 11146510                   /usr/share/java/java-atk-wrapper.jar
7f825cb43000-7f825cb4b000 rw-s 00000000 08:02 16780663                   /tmp/hsperfdata_admin1/24858
7f825cb4b000-7f825cb4c000 ---p 00000000 00:00 0 
7f825cb4c000-7f825cb4d000 r--p 00000000 00:00 0 
7f825cb4d000-7f825cb4f000 rw-p 00000000 00:00 0 
7f825cb4f000-7f825cb50000 r--p 00027000 08:02 10752633                   /lib/x86_64-linux-gnu/ld-2.27.so
7f825cb50000-7f825cb51000 rw-p 00028000 08:02 10752633                   /lib/x86_64-linux-gnu/ld-2.27.so
7f825cb51000-7f825cb52000 rw-p 00000000 00:00 0 
7ffe6a160000-7ffe6a183000 rw-p 00000000 00:00 0                          [stack]
7ffe6a1e7000-7ffe6a1ea000 r--p 00000000 00:00 0                          [vvar]
7ffe6a1ea000-7ffe6a1ec000 r-xp 00000000 00:00 0                          [vdso]
ffffffffff600000-ffffffffff601000 r-xp 00000000 00:00 0                  [vsyscall]


VM Arguments:
jvm_args: -Dcom.sun.management.jmxremote -Dcom.sun.management.jmxremote.port=33129 -Dcom.sun.management.jmxremote.authenticate=false -Dcom.sun.management.jmxremote.ssl=false -Djava.rmi.server.hostname=localhost -Dspring.jmx.enabled=true -Dspring.liveBeansView.mbeanDomain -Dspring.application.admin.enabled=true -Djava.security.egd=file:/dev/./urandom -Xverify:none -XX:TieredStopAtLevel=1 -Dfile.encoding=UTF-8 
java_command: com.bridgelabz.fundooApp.FundooApplication --spring.output.ansi.enabled=always
java_class_path (initial): /home/admin1/Desktop/fundooApp-fundooSub/target/classes:/home/admin1/.m2/repository/org/springframework/security/spring-security-core/5.1.5.RELEASE/spring-security-core-5.1.5.RELEASE.jar:/home/admin1/.m2/repository/org/springframework/spring-aop/5.1.7.RELEASE/spring-aop-5.1.7.RELEASE.jar:/home/admin1/.m2/repository/org/springframework/spring-beans/5.1.7.RELEASE/spring-beans-5.1.7.RELEASE.jar:/home/admin1/.m2/repository/org/springframework/spring-context/5.1.7.RELEASE/spring-context-5.1.7.RELEASE.jar:/home/admin1/.m2/repository/org/springframework/spring-core/5.1.7.RELEASE/spring-core-5.1.7.RELEASE.jar:/home/admin1/.m2/repository/org/springframework/spring-jcl/5.1.7.RELEASE/spring-jcl-5.1.7.RELEASE.jar:/home/admin1/.m2/repository/org/springframework/spring-expression/5.1.7.RELEASE/spring-expression-5.1.7.RELEASE.jar:/home/admin1/.m2/repository/org/modelmapper/modelmapper/0.7.5/modelmapper-0.7.5.jar:/home/admin1/.m2/repository/org/springframework/boot/spring-boot-starter-data-mongodb/2.1.5.RELEASE/spring-boot-starter-data-mongodb-2.1.5.RELEASE.jar:/home/admin1/.m2/repository/org/springframework/boot/spring-boot-starter/2.1.5.RELEASE/spring-boot-starter-2.1.5.RELEASE.jar:/home/admin1/.m2/repository/org/springframework/boot/spring-boot/2.1.5.RELEASE/spring-boot-2.1.5.RELEASE.jar:/home/admin1/.m2/repository/org/springframework/boot/spring-boot-autoconfigure/2.1.5.RELEASE/spring-boot-autoconfigure-2.1.5.RELEASE.jar:/home/admin1/.m2/repository/org/springframework/boot/spring-boot-starter-logging/2.1.5.RELEASE/spring-boot-starter-logging-2.1.5.RELEASE.jar:/home/admin1/.m2/repository/ch/qos/logback/logback-classic/1.2.3/logback-classic-1.2.3.jar:/home/admin1/.m2/repository/ch/qos/logback/logback-core/1.2.3/logback-core-1.2.3.jar:/home/admin1/.m2/repository/org/apache/logging/log4j/log4j-to-slf4j/2.11.2/log4j-to-slf4j-2.11.2.jar:/home/admin1/.m2/repository/org/apache/logging/log4j/log4j-api/2.11.2/log4j-api-2.11.2.jar:/home/admin1/.m2/repository/o
Launcher Type: SUN_STANDARD

[Global flags]
     bool BytecodeVerificationLocal                = false                                     {product} {command line}
     bool BytecodeVerificationRemote               = false                                     {product} {command line}
     intx CICompilerCount                          = 3                                         {product} {ergonomic}
     uint ConcGCThreads                            = 1                                         {product} {ergonomic}
     uint G1ConcRefinementThreads                  = 4                                         {product} {ergonomic}
   size_t G1HeapRegionSize                         = 1048576                                   {product} {ergonomic}
    uintx GCDrainStackTargetSize                   = 64                                        {product} {ergonomic}
   size_t InitialHeapSize                          = 130023424                                 {product} {ergonomic}
     bool ManagementServer                         = true                                      {product} {command line}
   size_t MarkStackSize                            = 4194304                                   {product} {ergonomic}
   size_t MaxHeapSize                              = 2061500416                                {product} {ergonomic}
   size_t MaxNewSize                               = 1236271104                                {product} {ergonomic}
   size_t MinHeapDeltaBytes                        = 1048576                                   {product} {ergonomic}
    uintx NonNMethodCodeHeapSize                   = 6973028                                {pd product} {ergonomic}
    uintx NonProfiledCodeHeapSize                  = 244685212                              {pd product} {ergonomic}
    uintx ProfiledCodeHeapSize                     = 0                                      {pd product} {ergonomic}
    uintx ReservedCodeCacheSize                    = 251658240                              {pd product} {ergonomic}
     bool SegmentedCodeCache                       = true                                      {product} {ergonomic}
     intx TieredStopAtLevel                        = 1                                         {product} {command line}
     bool UseCompressedClassPointers               = true                                 {lp64_product} {ergonomic}
     bool UseCompressedOops                        = true                                 {lp64_product} {ergonomic}
     bool UseG1GC                                  = true                                      {product} {ergonomic}

Logging:
Log output configuration:
 #0: stdout all=warning uptime,level,tags
 #1: stderr all=off uptime,level,tags

Environment Variables:
PATH=/usr/local/sbin:/usr/local/bin:/usr/sbin:/usr/bin:/sbin:/bin:/usr/games:/usr/local/games:/snap/bin
USERNAME=admin1
SHELL=/bin/bash
DISPLAY=:0

Signal Handlers:
SIGSEGV: [libjvm.so+0xde2f90], sa_mask[0]=11111111011111111101111111111110, sa_flags=SA_RESTART|SA_SIGINFO
SIGBUS: [libjvm.so+0xde2f90], sa_mask[0]=11111111011111111101111111111110, sa_flags=SA_RESTART|SA_SIGINFO
SIGFPE: [libjvm.so+0xde2f90], sa_mask[0]=11111111011111111101111111111110, sa_flags=SA_RESTART|SA_SIGINFO
SIGPIPE: [libjvm.so+0xbb85d0], sa_mask[0]=11111111011111111101111111111110, sa_flags=SA_RESTART|SA_SIGINFO
SIGXFSZ: [libjvm.so+0xbb85d0], sa_mask[0]=11111111011111111101111111111110, sa_flags=SA_RESTART|SA_SIGINFO
SIGILL: [libjvm.so+0xde2f90], sa_mask[0]=11111111011111111101111111111110, sa_flags=SA_RESTART|SA_SIGINFO
SIGUSR2: [libjvm.so+0xbb8470], sa_mask[0]=00100000000000000000000000000000, sa_flags=SA_RESTART|SA_SIGINFO
SIGHUP: [libjvm.so+0xbb87d0], sa_mask[0]=11111111011111111101111111111110, sa_flags=SA_RESTART|SA_SIGINFO
SIGINT: [libjvm.so+0xbb87d0], sa_mask[0]=11111111011111111101111111111110, sa_flags=SA_RESTART|SA_SIGINFO
SIGTERM: [libjvm.so+0xbb87d0], sa_mask[0]=11111111011111111101111111111110, sa_flags=SA_RESTART|SA_SIGINFO
SIGQUIT: [libjvm.so+0xbb87d0], sa_mask[0]=11111111011111111101111111111110, sa_flags=SA_RESTART|SA_SIGINFO


---------------  S Y S T E M  ---------------

OS:DISTRIB_ID=Ubuntu
DISTRIB_RELEASE=18.04
DISTRIB_CODENAME=bionic
DISTRIB_DESCRIPTION="Ubuntu 18.04.2 LTS"
uname:Linux 4.15.0-52-generic #56-Ubuntu SMP Tue Jun 4 22:49:08 UTC 2019 x86_64
libc:glibc 2.27 NPTL 2.27 
rlimit: STACK 8192k, CORE 0k, NPROC 30892, NOFILE 4096, AS infinity, DATA infinity, FSIZE infinity
load average:1.48 0.82 0.48

/proc/meminfo:
MemTotal:        8052604 kB
MemFree:          386052 kB
MemAvailable:    3952740 kB
Buffers:          469524 kB
Cached:          3320836 kB
SwapCached:            0 kB
Active:          4903000 kB
Inactive:        2064192 kB
Active(anon):    3178244 kB
Inactive(anon):   398424 kB
Active(file):    1724756 kB
Inactive(file):  1665768 kB
Unevictable:          80 kB
Mlocked:              80 kB
SwapTotal:       2097148 kB
SwapFree:        2097148 kB
Dirty:               112 kB
Writeback:             0 kB
AnonPages:       3177104 kB
Mapped:           637660 kB
Shmem:            399840 kB
Slab:             543952 kB
SReclaimable:     481948 kB
SUnreclaim:        62004 kB
KernelStack:       14136 kB
PageTables:        62944 kB
NFS_Unstable:          0 kB
Bounce:                0 kB
WritebackTmp:          0 kB
CommitLimit:     6123448 kB
Committed_AS:    9213620 kB
VmallocTotal:   34359738367 kB
VmallocUsed:           0 kB
VmallocChunk:          0 kB
HardwareCorrupted:     0 kB
AnonHugePages:         0 kB
ShmemHugePages:        0 kB
ShmemPmdMapped:        0 kB
CmaTotal:              0 kB
CmaFree:               0 kB
HugePages_Total:       0
HugePages_Free:        0
HugePages_Rsvd:        0
HugePages_Surp:        0
Hugepagesize:       2048 kB
DirectMap4k:      261228 kB
DirectMap2M:     8011776 kB
DirectMap1G:           0 kB


/proc/sys/kernel/threads-max (system-wide limit on the number of threads):
61784


/proc/sys/vm/max_map_count (maximum number of memory map areas a process may have):
65530


/proc/sys/kernel/pid_max (system-wide limit on number of process identifiers):
32768



container (cgroup) information:
container_type: cgroupv1
cpu_cpuset_cpus: 0-3
cpu_memory_nodes: 0
active_processor_count: 4
cpu_quota: -1
cpu_period: 100000
cpu_shares: -1
memory_limit_in_bytes: -1
memory_and_swap_limit_in_bytes: -2
memory_soft_limit_in_bytes: -1
memory_usage_in_bytes: 7134871552
memory_max_usage_in_bytes: 0


CPU:total 4 (initial active 4) (4 cores per cpu, 1 threads per core) family 6 model 158 stepping 9, cmov, cx8, fxsr, mmx, sse, sse2, sse3, ssse3, sse4.1, sse4.2, popcnt, avx, avx2, aes, clmul, erms, 3dnowpref, lzcnt, tsc, tscinvbit, bmi1, bmi2, adx, fma
CPU Model and flags from /proc/cpuinfo:
model name	: Intel(R) Core(TM) i5-7400 CPU @ 3.00GHz
flags		: fpu vme de pse tsc msr pae mce cx8 apic sep mtrr pge mca cmov pat pse36 clflush dts acpi mmx fxsr sse sse2 ss ht tm pbe syscall nx pdpe1gb rdtscp lm constant_tsc art arch_perfmon pebs bts rep_good nopl xtopology nonstop_tsc cpuid aperfmperf tsc_known_freq pni pclmulqdq dtes64 monitor ds_cpl vmx est tm2 ssse3 sdbg fma cx16 xtpr pdcm pcid sse4_1 sse4_2 x2apic movbe popcnt tsc_deadline_timer aes xsave avx f16c rdrand lahf_lm abm 3dnowprefetch cpuid_fault invpcid_single pti ssbd ibrs ibpb stibp tpr_shadow vnmi flexpriority ept vpid fsgsbase tsc_adjust bmi1 avx2 smep bmi2 erms invpcid mpx rdseed adx smap clflushopt intel_pt xsaveopt xsavec xgetbv1 xsaves dtherm ida arat pln pts hwp hwp_notify hwp_act_window hwp_epp md_clear flush_l1d

Memory: 4k page, physical 8052604k(386052k free), swap 2097148k(2097148k free)

vm_info: OpenJDK 64-Bit Server VM (11.0.3+7-Ubuntu-1ubuntu218.04.1) for linux-amd64 JRE (11.0.3+7-Ubuntu-1ubuntu218.04.1), built on Apr 23 2019 18:34:35 by "buildd" with gcc 7.3.0

END.
