#
# A fatal error has been detected by the Java Runtime Environment:
#
#  SIGSEGV (0xb) at pc=0x00007f50dfabba65, pid=22535, tid=22558
#
# JRE version: OpenJDK Runtime Environment (11.0.3+7) (build 11.0.3+7-Ubuntu-1ubuntu218.04.1)
# Java VM: OpenJDK 64-Bit Server VM (11.0.3+7-Ubuntu-1ubuntu218.04.1, mixed mode, sharing, tiered, compressed oops, g1 gc, linux-amd64)
# Problematic frame:
# V  [libjvm.so+0x76fa65]
#
# Core dump will be written. Default location: Core dumps may be processed with "/usr/share/apport/apport %p %s %c %d %P" (or dumping to /home/admin1/Documents/Fundoo/FundooApp/core.22535)
#
# If you would like to submit a bug report, please visit:
#   http://bugreport.java.com/bugreport/crash.jsp
#

---------------  S U M M A R Y ------------

Command Line: -Dcom.sun.management.jmxremote -Dcom.sun.management.jmxremote.port=45837 -Dcom.sun.management.jmxremote.authenticate=false -Dcom.sun.management.jmxremote.ssl=false -Djava.rmi.server.hostname=localhost -Dspring.jmx.enabled=true -Dspring.liveBeansView.mbeanDomain -Dspring.application.admin.enabled=true -Djava.security.egd=file:/dev/./urandom -Xverify:none -XX:TieredStopAtLevel=1 -Dfile.encoding=UTF-8 com.bridgelabz.fundoo.FundooAppApplication --spring.output.ansi.enabled=always

Host: Intel(R) Core(TM) i5-7400 CPU @ 3.00GHz, 4 cores, 7G, Ubuntu 18.04.2 LTS
Time: Sat Jun 15 18:31:00 2019 IST elapsed time: 1 seconds (0d 0h 0m 1s)

---------------  T H R E A D  ---------------

Current thread (0x00007f50a4001000):  GCTaskThread "GC Thread#1" [stack: 0x00007f507fcfd000,0x00007f507fdfd000] [id=22558]

Stack: [0x00007f507fcfd000,0x00007f507fdfd000],  sp=0x00007f507fdfb980,  free space=1018k
Native frames: (J=compiled Java code, A=aot compiled Java code, j=interpreted, Vv=VM code, C=native code)
V  [libjvm.so+0x76fa65]
V  [libjvm.so+0x76d258]
V  [libjvm.so+0x7829a6]
V  [libjvm.so+0x6e1548]
V  [libjvm.so+0x729c3a]
V  [libjvm.so+0x77cb4d]
V  [libjvm.so+0x77ccab]
V  [libjvm.so+0x7379f2]
V  [libjvm.so+0xe0bf9d]
V  [libjvm.so+0xd7805a]
V  [libjvm.so+0xbc238e]


siginfo: si_signo: 11 (SIGSEGV), si_code: 1 (SEGV_MAPERR), si_addr: 0x0000000c8253f388

Register to memory mapping:

RAX=0x0000000000000001 is an unknown value
RBX=0x0000000090051d78 points into unknown readable memory: fc c9 05 00 17 d7 48 56
RCX=0x0000000000000003 is an unknown value
RDX=0x00007f50e06f1450: <offset 0x00000000013a5450> in /usr/lib/jvm/java-11-openjdk-amd64/lib/server/libjvm.so at 0x00007f50df34c000
RSP=0x00007f507fdfb980 points into unknown readable memory: 5e 61 3d 00 00 00 00 00
RBP=0x00007f507fdfba00 points into unknown readable memory: a0 ba df 7f 50 7f 00 00
RSI=0x0000000000000001 is an unknown value
RDI=0x0000000c8253f380 is an unknown value
R8 =0x0 is NULL
R9 =0x0 is NULL
R10=0x0000000089680741 points into unknown readable memory: 89 8b 89 78 1d 05 90
R11=0x0000000000000003 is an unknown value
R12=0x00007f5070006010 points into unknown readable memory: 70 fd 61 e0 50 7f 00 00
R13=0x0000000000000040 is an unknown value
R14=0x00007f5070006010 points into unknown readable memory: 70 fd 61 e0 50 7f 00 00
R15=0x0000000089680744 points into unknown readable memory: 78 1d 05 90


Registers:
RAX=0x0000000000000001, RBX=0x0000000090051d78, RCX=0x0000000000000003, RDX=0x00007f50e06f1450
RSP=0x00007f507fdfb980, RBP=0x00007f507fdfba00, RSI=0x0000000000000001, RDI=0x0000000c8253f380
R8 =0x0000000000000000, R9 =0x0000000000000000, R10=0x0000000089680741, R11=0x0000000000000003
R12=0x00007f5070006010, R13=0x0000000000000040, R14=0x00007f5070006010, R15=0x0000000089680744
RIP=0x00007f50dfabba65, EFLAGS=0x0000000000010202, CSGSFS=0x002b000000000033, ERR=0x0000000000000004
  TRAPNO=0x000000000000000e

Top of Stack: (sp=0x00007f507fdfb980)
0x00007f507fdfb980:   00000000003d615e 00007f50e0ed0ea6
0x00007f507fdfb990:   00007f507fdfb9f8 00007f5000000000
0x00007f507fdfb9a0:   0000000000001002 0000002adff0568f
0x00007f507fdfb9b0:   5648d7170005c9fc 0000000007719f01 

Instructions: (pc=0x00007f50dfabba65)
0x00007f50dfabba45:   ec 58 48 8d 05 7e 22 c6 00 40 88 75 b8 48 89 4d
0x00007f50dfabba55:   b0 0f b6 00 84 c0 0f 85 7f 01 00 00 48 8b 7a 08
0x00007f50dfabba65:   44 8b 6f 08 41 83 fd 00 0f 8e 4d 01 00 00 41 f6
0x00007f50dfabba75:   c5 01 0f 85 49 01 00 00 41 c1 fd 03 49 8b 46 08 

Stack slot to memory mapping:
stack at sp + 0 slots: 0x00000000003d615e is an unknown value
stack at sp + 1 slots: 0x00007f50e0ed0ea6: __clock_gettime+0x0000000000000026 in /lib/x86_64-linux-gnu/libc.so.6 at 0x00007f50e0da0000
stack at sp + 2 slots: 0x00007f507fdfb9f8 points into unknown readable memory: 44 07 68 89 00 00 00 00
stack at sp + 3 slots: 0x00007f5000000000 is an unknown value
stack at sp + 4 slots: 0x0000000000001002 is an unknown value
stack at sp + 5 slots: 0x0000002adff0568f is an unknown value
stack at sp + 6 slots: 0x5648d7170005c9fc is an unknown value
stack at sp + 7 slots: 0x0000000007719f01 is an unknown value


---------------  P R O C E S S  ---------------

Threads class SMR info:
_java_thread_list=0x00007f50d8ca9320, length=15, elements={
0x00007f50d8014000, 0x00007f50d810a000, 0x00007f50d810c000, 0x00007f50d8111800,
0x00007f50d8113800, 0x00007f50d8115800, 0x00007f50d8133800, 0x00007f50d8163000,
0x00007f50d84d3800, 0x00007f50d84da000, 0x00007f50d84f2800, 0x00007f50d8c82800,
0x00007f50602d2000, 0x00007f50d8c85800, 0x00007f50d8ca8000
}

Java Threads: ( => current thread )
  0x00007f50d8014000 JavaThread "main" [_thread_blocked, id=22538, stack(0x00007f50e14af000,0x00007f50e15b0000)]
  0x00007f50d810a000 JavaThread "Reference Handler" daemon [_thread_blocked, id=22547, stack(0x00007f50c039a000,0x00007f50c049b000)]
  0x00007f50d810c000 JavaThread "Finalizer" daemon [_thread_blocked, id=22548, stack(0x00007f50c0299000,0x00007f50c039a000)]
  0x00007f50d8111800 JavaThread "Signal Dispatcher" daemon [_thread_blocked, id=22549, stack(0x00007f50c0198000,0x00007f50c0299000)]
  0x00007f50d8113800 JavaThread "C1 CompilerThread0" daemon [_thread_blocked, id=22550, stack(0x00007f50c0097000,0x00007f50c0198000)]
  0x00007f50d8115800 JavaThread "Sweeper thread" daemon [_thread_blocked, id=22551, stack(0x00007f50b818f000,0x00007f50b8290000)]
  0x00007f50d8133800 JavaThread "Common-Cleaner" daemon [_thread_blocked, id=22552, stack(0x00007f50b808e000,0x00007f50b818f000)]
  0x00007f50d8163000 JavaThread "Service Thread" daemon [_thread_blocked, id=22553, stack(0x00007f50b0d30000,0x00007f50b0e31000)]
  0x00007f50d84d3800 JavaThread "RMI TCP Accept-0" daemon [_thread_in_native, id=22554, stack(0x00007f50b01f9000,0x00007f50b02fa000)]
  0x00007f50d84da000 JavaThread "RMI TCP Accept-45837" daemon [_thread_in_native, id=22555, stack(0x00007f50b00f8000,0x00007f50b01f9000)]
  0x00007f50d84f2800 JavaThread "RMI TCP Accept-0" daemon [_thread_in_native, id=22556, stack(0x00007f507feff000,0x00007f5080000000)]
  0x00007f50d8c82800 JavaThread "Catalina-utility-1" [_thread_blocked, id=22565, stack(0x00007f507f8f4000,0x00007f507f9f5000)]
  0x00007f50602d2000 JavaThread "Catalina-utility-2" [_thread_blocked, id=22566, stack(0x00007f507eef1000,0x00007f507eff2000)]
  0x00007f50d8c85800 JavaThread "container-0" [_thread_blocked, id=22567, stack(0x00007f507e5f0000,0x00007f507e6f1000)]
  0x00007f50d8ca8000 JavaThread "mysql-cj-abandoned-connection-cleanup" daemon [_thread_blocked, id=22568, stack(0x00007f507e4ef000,0x00007f507e5f0000)]

Other Threads:
  0x00007f50d8107800 VMThread "VM Thread" [stack: 0x00007f50c049d000,0x00007f50c059d000] [id=22546]
  0x00007f50d84f5800 WatcherThread [stack: 0x00007f507fdff000,0x00007f507feff000] [id=22557]
  0x00007f50d802a800 GCTaskThread "GC Thread#0" [stack: 0x00007f50dd4a8000,0x00007f50dd5a8000] [id=22540]
=>0x00007f50a4001000 GCTaskThread "GC Thread#1" [stack: 0x00007f507fcfd000,0x00007f507fdfd000] [id=22558]
  0x00007f50a4002800 GCTaskThread "GC Thread#2" [stack: 0x00007f507fbfb000,0x00007f507fcfb000] [id=22559]
  0x00007f50a4005000 GCTaskThread "GC Thread#3" [stack: 0x00007f507f5f4000,0x00007f507f6f4000] [id=22563]
  0x00007f50d805b000 ConcurrentGCThread "G1 Main Marker" [stack: 0x00007f50dc41d000,0x00007f50dc51d000] [id=22542]
  0x00007f50d805d000 ConcurrentGCThread "G1 Conc#0" [stack: 0x00007f50dc31b000,0x00007f50dc41b000] [id=22543]
  0x00007f50d80d5000 ConcurrentGCThread "G1 Refine#0" [stack: 0x00007f50c077d000,0x00007f50c087d000] [id=22544]
  0x00007f50a8001000 ConcurrentGCThread "G1 Refine#1" [stack: 0x00007f507faf9000,0x00007f507fbf9000] [id=22560]
  0x00007f5068001000 ConcurrentGCThread "G1 Refine#2" [stack: 0x00007f507f9f7000,0x00007f507faf7000] [id=22561]
  0x00007f50d80d7000 ConcurrentGCThread "G1 Young RemSet Sampling" [stack: 0x00007f50c067b000,0x00007f50c077b000] [id=22545]

Threads with active compile tasks:

VM state:at safepoint (normal execution)

VM Mutex/Monitor currently owned by a thread:  ([mutex/lock_event])
[0x00007f50d80102e0] Threads_lock - owner thread: 0x00007f50d8107800
[0x00007f50d8010a30] Heap_lock - owner thread: 0x00007f50d8014000

Heap address: 0x0000000085200000, size: 1966 MB, Compressed Oops mode: 32-bit
Narrow klass base: 0x0000000800000000, Narrow klass shift: 3
Compressed class space size: 1073741824 Address: 0x0000000840000000

Heap:
 garbage-first heap   total 193536K, used 122963K [0x0000000085200000, 0x0000000100000000)
  region size 1024K, 118 young (120832K), 11 survivors (11264K)
 Metaspace       used 27542K, capacity 28690K, committed 28800K, reserved 1073152K
  class space    used 3697K, capacity 4158K, committed 4224K, reserved 1048576K
Heap Regions: E=young(eden), S=young(survivor), O=old, HS=humongous(starts), HC=humongous(continues), CS=collection set, F=free, A=archive, TAMS=top-at-mark-start (previous, next)
|   0|0x0000000085200000, 0x0000000085300000, 0x0000000085300000|100%|HS|  |TAMS 0x0000000085300000, 0x0000000085200000| Complete 
|   1|0x0000000085300000, 0x0000000085400000, 0x0000000085400000|100%| O|  |TAMS 0x0000000085400000, 0x0000000085300000| Untracked 
|   2|0x0000000085400000, 0x0000000085500000, 0x0000000085500000|100%| O|  |TAMS 0x0000000085500000, 0x0000000085400000| Untracked 
|   3|0x0000000085500000, 0x0000000085600000, 0x0000000085600000|100%| O|  |TAMS 0x0000000085600000, 0x0000000085500000| Untracked 
|   4|0x0000000085600000, 0x0000000085700000, 0x0000000085700000|100%| O|  |TAMS 0x0000000085700000, 0x0000000085600000| Untracked 
|   5|0x0000000085700000, 0x0000000085800000, 0x0000000085800000|100%| O|  |TAMS 0x0000000085800000, 0x0000000085700000| Untracked 
|   6|0x0000000085800000, 0x0000000085893c00, 0x0000000085900000| 57%| O|  |TAMS 0x0000000085893c00, 0x0000000085800000| Untracked 
|   7|0x0000000085900000, 0x0000000085900000, 0x0000000085a00000|  0%| F|  |TAMS 0x0000000085900000, 0x0000000085900000| Untracked 
|   8|0x0000000085a00000, 0x0000000085a00000, 0x0000000085b00000|  0%| F|  |TAMS 0x0000000085a00000, 0x0000000085a00000| Untracked 
|   9|0x0000000085b00000, 0x0000000085b00000, 0x0000000085c00000|  0%| F|  |TAMS 0x0000000085b00000, 0x0000000085b00000| Untracked 
|  10|0x0000000085c00000, 0x0000000085c00000, 0x0000000085d00000|  0%| F|  |TAMS 0x0000000085c00000, 0x0000000085c00000| Untracked 
|  11|0x0000000085d00000, 0x0000000085d00000, 0x0000000085e00000|  0%| F|  |TAMS 0x0000000085d00000, 0x0000000085d00000| Untracked 
|  12|0x0000000085e00000, 0x0000000085e00000, 0x0000000085f00000|  0%| F|  |TAMS 0x0000000085e00000, 0x0000000085e00000| Untracked 
|  13|0x0000000085f00000, 0x0000000085f00000, 0x0000000086000000|  0%| F|  |TAMS 0x0000000085f00000, 0x0000000085f00000| Untracked 
|  14|0x0000000086000000, 0x0000000086000000, 0x0000000086100000|  0%| F|  |TAMS 0x0000000086000000, 0x0000000086000000| Untracked 
|  15|0x0000000086100000, 0x0000000086100000, 0x0000000086200000|  0%| F|  |TAMS 0x0000000086100000, 0x0000000086100000| Untracked 
|  16|0x0000000086200000, 0x0000000086200000, 0x0000000086300000|  0%| F|  |TAMS 0x0000000086200000, 0x0000000086200000| Untracked 
|  17|0x0000000086300000, 0x0000000086300000, 0x0000000086400000|  0%| F|  |TAMS 0x0000000086300000, 0x0000000086300000| Untracked 
|  18|0x0000000086400000, 0x0000000086400000, 0x0000000086500000|  0%| F|  |TAMS 0x0000000086400000, 0x0000000086400000| Untracked 
|  19|0x0000000086500000, 0x0000000086500000, 0x0000000086600000|  0%| F|  |TAMS 0x0000000086500000, 0x0000000086500000| Untracked 
|  20|0x0000000086600000, 0x0000000086600000, 0x0000000086700000|  0%| F|  |TAMS 0x0000000086600000, 0x0000000086600000| Untracked 
|  21|0x0000000086700000, 0x0000000086700000, 0x0000000086800000|  0%| F|  |TAMS 0x0000000086700000, 0x0000000086700000| Untracked 
|  22|0x0000000086800000, 0x0000000086800000, 0x0000000086900000|  0%| F|  |TAMS 0x0000000086800000, 0x0000000086800000| Untracked 
|  23|0x0000000086900000, 0x0000000086900000, 0x0000000086a00000|  0%| F|  |TAMS 0x0000000086900000, 0x0000000086900000| Untracked 
|  24|0x0000000086a00000, 0x0000000086a00000, 0x0000000086b00000|  0%| F|  |TAMS 0x0000000086a00000, 0x0000000086a00000| Untracked 
|  25|0x0000000086b00000, 0x0000000086b00000, 0x0000000086c00000|  0%| F|  |TAMS 0x0000000086b00000, 0x0000000086b00000| Untracked 
|  26|0x0000000086c00000, 0x0000000086c00000, 0x0000000086d00000|  0%| F|  |TAMS 0x0000000086c00000, 0x0000000086c00000| Untracked 
|  27|0x0000000086d00000, 0x0000000086d00000, 0x0000000086e00000|  0%| F|  |TAMS 0x0000000086d00000, 0x0000000086d00000| Untracked 
|  28|0x0000000086e00000, 0x0000000086e00000, 0x0000000086f00000|  0%| F|  |TAMS 0x0000000086e00000, 0x0000000086e00000| Untracked 
|  29|0x0000000086f00000, 0x0000000086f00000, 0x0000000087000000|  0%| F|  |TAMS 0x0000000086f00000, 0x0000000086f00000| Untracked 
|  30|0x0000000087000000, 0x0000000087000000, 0x0000000087100000|  0%| F|  |TAMS 0x0000000087000000, 0x0000000087000000| Untracked 
|  31|0x0000000087100000, 0x0000000087100000, 0x0000000087200000|  0%| F|  |TAMS 0x0000000087100000, 0x0000000087100000| Untracked 
|  32|0x0000000087200000, 0x0000000087200000, 0x0000000087300000|  0%| F|  |TAMS 0x0000000087200000, 0x0000000087200000| Untracked 
|  33|0x0000000087300000, 0x0000000087300000, 0x0000000087400000|  0%| F|  |TAMS 0x0000000087300000, 0x0000000087300000| Untracked 
|  34|0x0000000087400000, 0x0000000087400000, 0x0000000087500000|  0%| F|  |TAMS 0x0000000087400000, 0x0000000087400000| Untracked 
|  35|0x0000000087500000, 0x0000000087500000, 0x0000000087600000|  0%| F|  |TAMS 0x0000000087500000, 0x0000000087500000| Untracked 
|  36|0x0000000087600000, 0x0000000087600000, 0x0000000087700000|  0%| F|  |TAMS 0x0000000087600000, 0x0000000087600000| Untracked 
|  37|0x0000000087700000, 0x0000000087700000, 0x0000000087800000|  0%| F|  |TAMS 0x0000000087700000, 0x0000000087700000| Untracked 
|  38|0x0000000087800000, 0x0000000087800000, 0x0000000087900000|  0%| F|  |TAMS 0x0000000087800000, 0x0000000087800000| Untracked 
|  39|0x0000000087900000, 0x0000000087900000, 0x0000000087a00000|  0%| F|  |TAMS 0x0000000087900000, 0x0000000087900000| Untracked 
|  40|0x0000000087a00000, 0x0000000087a00000, 0x0000000087b00000|  0%| F|  |TAMS 0x0000000087a00000, 0x0000000087a00000| Untracked 
|  41|0x0000000087b00000, 0x0000000087b00000, 0x0000000087c00000|  0%| F|  |TAMS 0x0000000087b00000, 0x0000000087b00000| Untracked 
|  42|0x0000000087c00000, 0x0000000087c00000, 0x0000000087d00000|  0%| F|  |TAMS 0x0000000087c00000, 0x0000000087c00000| Untracked 
|  43|0x0000000087d00000, 0x0000000087d00000, 0x0000000087e00000|  0%| F|  |TAMS 0x0000000087d00000, 0x0000000087d00000| Untracked 
|  44|0x0000000087e00000, 0x0000000087e00000, 0x0000000087f00000|  0%| F|  |TAMS 0x0000000087e00000, 0x0000000087e00000| Untracked 
|  45|0x0000000087f00000, 0x0000000087f00000, 0x0000000088000000|  0%| F|  |TAMS 0x0000000087f00000, 0x0000000087f00000| Untracked 
|  46|0x0000000088000000, 0x0000000088000000, 0x0000000088100000|  0%| F|  |TAMS 0x0000000088000000, 0x0000000088000000| Untracked 
|  47|0x0000000088100000, 0x0000000088100000, 0x0000000088200000|  0%| F|  |TAMS 0x0000000088100000, 0x0000000088100000| Untracked 
|  48|0x0000000088200000, 0x0000000088200000, 0x0000000088300000|  0%| F|  |TAMS 0x0000000088200000, 0x0000000088200000| Untracked 
|  49|0x0000000088300000, 0x0000000088300000, 0x0000000088400000|  0%| F|  |TAMS 0x0000000088300000, 0x0000000088300000| Untracked 
|  50|0x0000000088400000, 0x0000000088400000, 0x0000000088500000|  0%| F|  |TAMS 0x0000000088400000, 0x0000000088400000| Untracked 
|  51|0x0000000088500000, 0x0000000088500000, 0x0000000088600000|  0%| F|  |TAMS 0x0000000088500000, 0x0000000088500000| Untracked 
|  52|0x0000000088600000, 0x0000000088600000, 0x0000000088700000|  0%| F|  |TAMS 0x0000000088600000, 0x0000000088600000| Untracked 
|  53|0x0000000088700000, 0x0000000088700000, 0x0000000088800000|  0%| F|  |TAMS 0x0000000088700000, 0x0000000088700000| Untracked 
|  54|0x0000000088800000, 0x0000000088800000, 0x0000000088900000|  0%| F|  |TAMS 0x0000000088800000, 0x0000000088800000| Untracked 
|  55|0x0000000088900000, 0x0000000088900000, 0x0000000088a00000|  0%| F|  |TAMS 0x0000000088900000, 0x0000000088900000| Untracked 
|  56|0x0000000088a00000, 0x0000000088a00000, 0x0000000088b00000|  0%| F|  |TAMS 0x0000000088a00000, 0x0000000088a00000| Untracked 
|  57|0x0000000088b00000, 0x0000000088b00000, 0x0000000088c00000|  0%| F|  |TAMS 0x0000000088b00000, 0x0000000088b00000| Untracked 
|  58|0x0000000088c00000, 0x0000000088c00000, 0x0000000088d00000|  0%| F|  |TAMS 0x0000000088c00000, 0x0000000088c00000| Untracked 
|  59|0x0000000088d00000, 0x0000000088d00000, 0x0000000088e00000|  0%| F|  |TAMS 0x0000000088d00000, 0x0000000088d00000| Untracked 
|  60|0x0000000088e00000, 0x0000000088e00000, 0x0000000088f00000|  0%| F|  |TAMS 0x0000000088e00000, 0x0000000088e00000| Untracked 
|  61|0x0000000088f00000, 0x0000000088f00000, 0x0000000089000000|  0%| F|  |TAMS 0x0000000088f00000, 0x0000000088f00000| Untracked 
|  62|0x0000000089000000, 0x0000000089000000, 0x0000000089100000|  0%| F|  |TAMS 0x0000000089000000, 0x0000000089000000| Untracked 
|  63|0x0000000089100000, 0x0000000089141ae0, 0x0000000089200000| 25%| S|  |TAMS 0x0000000089100000, 0x0000000089100000| Complete 
|  64|0x0000000089200000, 0x0000000089300000, 0x0000000089300000|100%| S|  |TAMS 0x0000000089200000, 0x0000000089200000| Complete 
|  65|0x0000000089300000, 0x0000000089400000, 0x0000000089400000|100%| S|  |TAMS 0x0000000089300000, 0x0000000089300000| Complete 
|  66|0x0000000089400000, 0x0000000089500000, 0x0000000089500000|100%| S|  |TAMS 0x0000000089400000, 0x0000000089400000| Complete 
|  67|0x0000000089500000, 0x0000000089600000, 0x0000000089600000|100%| S|  |TAMS 0x0000000089500000, 0x0000000089500000| Complete 
|  68|0x0000000089600000, 0x0000000089700000, 0x0000000089700000|100%| S|  |TAMS 0x0000000089600000, 0x0000000089600000| Complete 
|  69|0x0000000089700000, 0x0000000089800000, 0x0000000089800000|100%| S|  |TAMS 0x0000000089700000, 0x0000000089700000| Complete 
|  70|0x0000000089800000, 0x0000000089900000, 0x0000000089900000|100%| S|  |TAMS 0x0000000089800000, 0x0000000089800000| Complete 
|  71|0x0000000089900000, 0x0000000089a00000, 0x0000000089a00000|100%| S|  |TAMS 0x0000000089900000, 0x0000000089900000| Complete 
|  72|0x0000000089a00000, 0x0000000089b00000, 0x0000000089b00000|100%| S|  |TAMS 0x0000000089a00000, 0x0000000089a00000| Complete 
|  73|0x0000000089b00000, 0x0000000089c00000, 0x0000000089c00000|100%| S|  |TAMS 0x0000000089b00000, 0x0000000089b00000| Complete 
|  74|0x0000000089c00000, 0x0000000089d00000, 0x0000000089d00000|100%| E|CS|TAMS 0x0000000089c00000, 0x0000000089c00000| Complete 
|  75|0x0000000089d00000, 0x0000000089e00000, 0x0000000089e00000|100%| E|CS|TAMS 0x0000000089d00000, 0x0000000089d00000| Complete 
|  76|0x0000000089e00000, 0x0000000089f00000, 0x0000000089f00000|100%| E|CS|TAMS 0x0000000089e00000, 0x0000000089e00000| Complete 
|  77|0x0000000089f00000, 0x000000008a000000, 0x000000008a000000|100%| E|CS|TAMS 0x0000000089f00000, 0x0000000089f00000| Complete 
|  78|0x000000008a000000, 0x000000008a100000, 0x000000008a100000|100%| E|CS|TAMS 0x000000008a000000, 0x000000008a000000| Complete 
|  79|0x000000008a100000, 0x000000008a200000, 0x000000008a200000|100%| E|CS|TAMS 0x000000008a100000, 0x000000008a100000| Complete 
|  80|0x000000008a200000, 0x000000008a300000, 0x000000008a300000|100%| E|CS|TAMS 0x000000008a200000, 0x000000008a200000| Complete 
|  81|0x000000008a300000, 0x000000008a400000, 0x000000008a400000|100%| E|CS|TAMS 0x000000008a300000, 0x000000008a300000| Complete 
|  82|0x000000008a400000, 0x000000008a500000, 0x000000008a500000|100%| E|CS|TAMS 0x000000008a400000, 0x000000008a400000| Complete 
|  83|0x000000008a500000, 0x000000008a600000, 0x000000008a600000|100%| E|CS|TAMS 0x000000008a500000, 0x000000008a500000| Complete 
|  84|0x000000008a600000, 0x000000008a700000, 0x000000008a700000|100%| E|CS|TAMS 0x000000008a600000, 0x000000008a600000| Complete 
|  85|0x000000008a700000, 0x000000008a800000, 0x000000008a800000|100%| E|CS|TAMS 0x000000008a700000, 0x000000008a700000| Complete 
|  86|0x000000008a800000, 0x000000008a900000, 0x000000008a900000|100%| E|CS|TAMS 0x000000008a800000, 0x000000008a800000| Complete 
|  87|0x000000008a900000, 0x000000008aa00000, 0x000000008aa00000|100%| E|CS|TAMS 0x000000008a900000, 0x000000008a900000| Complete 
|  88|0x000000008aa00000, 0x000000008ab00000, 0x000000008ab00000|100%| E|CS|TAMS 0x000000008aa00000, 0x000000008aa00000| Complete 
|  89|0x000000008ab00000, 0x000000008ac00000, 0x000000008ac00000|100%| E|CS|TAMS 0x000000008ab00000, 0x000000008ab00000| Complete 
|  90|0x000000008ac00000, 0x000000008ad00000, 0x000000008ad00000|100%| E|CS|TAMS 0x000000008ac00000, 0x000000008ac00000| Complete 
|  91|0x000000008ad00000, 0x000000008ae00000, 0x000000008ae00000|100%| E|CS|TAMS 0x000000008ad00000, 0x000000008ad00000| Complete 
|  92|0x000000008ae00000, 0x000000008af00000, 0x000000008af00000|100%| E|CS|TAMS 0x000000008ae00000, 0x000000008ae00000| Complete 
|  93|0x000000008af00000, 0x000000008b000000, 0x000000008b000000|100%| E|CS|TAMS 0x000000008af00000, 0x000000008af00000| Complete 
|  94|0x000000008b000000, 0x000000008b100000, 0x000000008b100000|100%| E|CS|TAMS 0x000000008b000000, 0x000000008b000000| Complete 
|  95|0x000000008b100000, 0x000000008b200000, 0x000000008b200000|100%| E|CS|TAMS 0x000000008b100000, 0x000000008b100000| Complete 
|  96|0x000000008b200000, 0x000000008b300000, 0x000000008b300000|100%| E|CS|TAMS 0x000000008b200000, 0x000000008b200000| Complete 
|  97|0x000000008b300000, 0x000000008b400000, 0x000000008b400000|100%| E|CS|TAMS 0x000000008b300000, 0x000000008b300000| Complete 
|  98|0x000000008b400000, 0x000000008b500000, 0x000000008b500000|100%| E|CS|TAMS 0x000000008b400000, 0x000000008b400000| Complete 
|  99|0x000000008b500000, 0x000000008b600000, 0x000000008b600000|100%| E|CS|TAMS 0x000000008b500000, 0x000000008b500000| Complete 
| 100|0x000000008b600000, 0x000000008b700000, 0x000000008b700000|100%| E|CS|TAMS 0x000000008b600000, 0x000000008b600000| Complete 
| 101|0x000000008b700000, 0x000000008b800000, 0x000000008b800000|100%| E|CS|TAMS 0x000000008b700000, 0x000000008b700000| Complete 
| 102|0x000000008b800000, 0x000000008b900000, 0x000000008b900000|100%| E|CS|TAMS 0x000000008b800000, 0x000000008b800000| Complete 
| 103|0x000000008b900000, 0x000000008ba00000, 0x000000008ba00000|100%| E|CS|TAMS 0x000000008b900000, 0x000000008b900000| Complete 
| 104|0x000000008ba00000, 0x000000008bb00000, 0x000000008bb00000|100%| E|CS|TAMS 0x000000008ba00000, 0x000000008ba00000| Complete 
| 105|0x000000008bb00000, 0x000000008bc00000, 0x000000008bc00000|100%| E|CS|TAMS 0x000000008bb00000, 0x000000008bb00000| Complete 
| 106|0x000000008bc00000, 0x000000008bd00000, 0x000000008bd00000|100%| E|CS|TAMS 0x000000008bc00000, 0x000000008bc00000| Complete 
| 107|0x000000008bd00000, 0x000000008be00000, 0x000000008be00000|100%| E|CS|TAMS 0x000000008bd00000, 0x000000008bd00000| Complete 
| 108|0x000000008be00000, 0x000000008bf00000, 0x000000008bf00000|100%| E|CS|TAMS 0x000000008be00000, 0x000000008be00000| Complete 
| 109|0x000000008bf00000, 0x000000008c000000, 0x000000008c000000|100%| E|CS|TAMS 0x000000008bf00000, 0x000000008bf00000| Complete 
| 110|0x000000008c000000, 0x000000008c100000, 0x000000008c100000|100%| E|CS|TAMS 0x000000008c000000, 0x000000008c000000| Complete 
| 111|0x000000008c100000, 0x000000008c200000, 0x000000008c200000|100%| E|CS|TAMS 0x000000008c100000, 0x000000008c100000| Complete 
| 112|0x000000008c200000, 0x000000008c300000, 0x000000008c300000|100%| E|CS|TAMS 0x000000008c200000, 0x000000008c200000| Complete 
| 113|0x000000008c300000, 0x000000008c400000, 0x000000008c400000|100%| E|CS|TAMS 0x000000008c300000, 0x000000008c300000| Complete 
| 114|0x000000008c400000, 0x000000008c500000, 0x000000008c500000|100%| E|CS|TAMS 0x000000008c400000, 0x000000008c400000| Complete 
| 115|0x000000008c500000, 0x000000008c600000, 0x000000008c600000|100%| E|CS|TAMS 0x000000008c500000, 0x000000008c500000| Complete 
| 116|0x000000008c600000, 0x000000008c700000, 0x000000008c700000|100%| E|CS|TAMS 0x000000008c600000, 0x000000008c600000| Complete 
| 117|0x000000008c700000, 0x000000008c800000, 0x000000008c800000|100%| E|CS|TAMS 0x000000008c700000, 0x000000008c700000| Complete 
| 118|0x000000008c800000, 0x000000008c900000, 0x000000008c900000|100%| E|CS|TAMS 0x000000008c800000, 0x000000008c800000| Complete 
| 119|0x000000008c900000, 0x000000008ca00000, 0x000000008ca00000|100%| E|CS|TAMS 0x000000008c900000, 0x000000008c900000| Complete 
| 120|0x000000008ca00000, 0x000000008cb00000, 0x000000008cb00000|100%| E|CS|TAMS 0x000000008ca00000, 0x000000008ca00000| Complete 
| 121|0x000000008cb00000, 0x000000008cc00000, 0x000000008cc00000|100%| E|CS|TAMS 0x000000008cb00000, 0x000000008cb00000| Complete 
| 122|0x000000008cc00000, 0x000000008cd00000, 0x000000008cd00000|100%| E|CS|TAMS 0x000000008cc00000, 0x000000008cc00000| Complete 
| 123|0x000000008cd00000, 0x000000008ce00000, 0x000000008ce00000|100%| E|CS|TAMS 0x000000008cd00000, 0x000000008cd00000| Complete 
| 124|0x000000008ce00000, 0x000000008cf00000, 0x000000008cf00000|100%| E|CS|TAMS 0x000000008ce00000, 0x000000008ce00000| Complete 
| 125|0x000000008cf00000, 0x000000008d000000, 0x000000008d000000|100%| E|CS|TAMS 0x000000008cf00000, 0x000000008cf00000| Complete 
| 126|0x000000008d000000, 0x000000008d100000, 0x000000008d100000|100%| E|CS|TAMS 0x000000008d000000, 0x000000008d000000| Complete 
| 127|0x000000008d100000, 0x000000008d200000, 0x000000008d200000|100%| E|CS|TAMS 0x000000008d100000, 0x000000008d100000| Complete 
| 128|0x000000008d200000, 0x000000008d300000, 0x000000008d300000|100%| E|CS|TAMS 0x000000008d200000, 0x000000008d200000| Complete 
| 129|0x000000008d300000, 0x000000008d400000, 0x000000008d400000|100%| E|CS|TAMS 0x000000008d300000, 0x000000008d300000| Complete 
| 130|0x000000008d400000, 0x000000008d500000, 0x000000008d500000|100%| E|CS|TAMS 0x000000008d400000, 0x000000008d400000| Complete 
| 131|0x000000008d500000, 0x000000008d600000, 0x000000008d600000|100%| E|CS|TAMS 0x000000008d500000, 0x000000008d500000| Complete 
| 132|0x000000008d600000, 0x000000008d700000, 0x000000008d700000|100%| E|CS|TAMS 0x000000008d600000, 0x000000008d600000| Complete 
| 133|0x000000008d700000, 0x000000008d800000, 0x000000008d800000|100%| E|CS|TAMS 0x000000008d700000, 0x000000008d700000| Complete 
| 134|0x000000008d800000, 0x000000008d900000, 0x000000008d900000|100%| E|CS|TAMS 0x000000008d800000, 0x000000008d800000| Complete 
| 135|0x000000008d900000, 0x000000008da00000, 0x000000008da00000|100%| E|CS|TAMS 0x000000008d900000, 0x000000008d900000| Complete 
| 136|0x000000008da00000, 0x000000008db00000, 0x000000008db00000|100%| E|CS|TAMS 0x000000008da00000, 0x000000008da00000| Complete 
| 137|0x000000008db00000, 0x000000008dc00000, 0x000000008dc00000|100%| E|CS|TAMS 0x000000008db00000, 0x000000008db00000| Complete 
| 138|0x000000008dc00000, 0x000000008dd00000, 0x000000008dd00000|100%| E|CS|TAMS 0x000000008dc00000, 0x000000008dc00000| Complete 
| 139|0x000000008dd00000, 0x000000008de00000, 0x000000008de00000|100%| E|CS|TAMS 0x000000008dd00000, 0x000000008dd00000| Complete 
| 140|0x000000008de00000, 0x000000008df00000, 0x000000008df00000|100%| E|CS|TAMS 0x000000008de00000, 0x000000008de00000| Complete 
| 141|0x000000008df00000, 0x000000008e000000, 0x000000008e000000|100%| E|CS|TAMS 0x000000008df00000, 0x000000008df00000| Complete 
| 142|0x000000008e000000, 0x000000008e100000, 0x000000008e100000|100%| E|CS|TAMS 0x000000008e000000, 0x000000008e000000| Complete 
| 143|0x000000008e100000, 0x000000008e200000, 0x000000008e200000|100%| E|CS|TAMS 0x000000008e100000, 0x000000008e100000| Complete 
| 144|0x000000008e200000, 0x000000008e300000, 0x000000008e300000|100%| E|CS|TAMS 0x000000008e200000, 0x000000008e200000| Complete 
| 145|0x000000008e300000, 0x000000008e400000, 0x000000008e400000|100%| E|CS|TAMS 0x000000008e300000, 0x000000008e300000| Complete 
| 146|0x000000008e400000, 0x000000008e500000, 0x000000008e500000|100%| E|CS|TAMS 0x000000008e400000, 0x000000008e400000| Complete 
| 147|0x000000008e500000, 0x000000008e600000, 0x000000008e600000|100%| E|CS|TAMS 0x000000008e500000, 0x000000008e500000| Complete 
| 148|0x000000008e600000, 0x000000008e700000, 0x000000008e700000|100%| E|CS|TAMS 0x000000008e600000, 0x000000008e600000| Complete 
| 149|0x000000008e700000, 0x000000008e800000, 0x000000008e800000|100%| E|CS|TAMS 0x000000008e700000, 0x000000008e700000| Complete 
| 150|0x000000008e800000, 0x000000008e900000, 0x000000008e900000|100%| E|CS|TAMS 0x000000008e800000, 0x000000008e800000| Complete 
| 151|0x000000008e900000, 0x000000008ea00000, 0x000000008ea00000|100%| E|CS|TAMS 0x000000008e900000, 0x000000008e900000| Complete 
| 152|0x000000008ea00000, 0x000000008eb00000, 0x000000008eb00000|100%| E|CS|TAMS 0x000000008ea00000, 0x000000008ea00000| Complete 
| 153|0x000000008eb00000, 0x000000008ec00000, 0x000000008ec00000|100%| E|CS|TAMS 0x000000008eb00000, 0x000000008eb00000| Complete 
| 154|0x000000008ec00000, 0x000000008ed00000, 0x000000008ed00000|100%| E|CS|TAMS 0x000000008ec00000, 0x000000008ec00000| Complete 
| 155|0x000000008ed00000, 0x000000008ee00000, 0x000000008ee00000|100%| E|CS|TAMS 0x000000008ed00000, 0x000000008ed00000| Complete 
| 156|0x000000008ee00000, 0x000000008ef00000, 0x000000008ef00000|100%| E|CS|TAMS 0x000000008ee00000, 0x000000008ee00000| Complete 
| 157|0x000000008ef00000, 0x000000008f000000, 0x000000008f000000|100%| E|CS|TAMS 0x000000008ef00000, 0x000000008ef00000| Complete 
| 158|0x000000008f000000, 0x000000008f100000, 0x000000008f100000|100%| E|CS|TAMS 0x000000008f000000, 0x000000008f000000| Complete 
| 159|0x000000008f100000, 0x000000008f200000, 0x000000008f200000|100%| E|CS|TAMS 0x000000008f100000, 0x000000008f100000| Complete 
| 160|0x000000008f200000, 0x000000008f300000, 0x000000008f300000|100%| E|CS|TAMS 0x000000008f200000, 0x000000008f200000| Complete 
| 161|0x000000008f300000, 0x000000008f400000, 0x000000008f400000|100%| E|CS|TAMS 0x000000008f300000, 0x000000008f300000| Complete 
| 162|0x000000008f400000, 0x000000008f500000, 0x000000008f500000|100%| E|CS|TAMS 0x000000008f400000, 0x000000008f400000| Complete 
| 163|0x000000008f500000, 0x000000008f600000, 0x000000008f600000|100%| E|CS|TAMS 0x000000008f500000, 0x000000008f500000| Complete 
| 164|0x000000008f600000, 0x000000008f700000, 0x000000008f700000|100%| E|CS|TAMS 0x000000008f600000, 0x000000008f600000| Complete 
| 165|0x000000008f700000, 0x000000008f800000, 0x000000008f800000|100%| E|CS|TAMS 0x000000008f700000, 0x000000008f700000| Complete 
| 166|0x000000008f800000, 0x000000008f900000, 0x000000008f900000|100%| E|CS|TAMS 0x000000008f800000, 0x000000008f800000| Complete 
| 167|0x000000008f900000, 0x000000008fa00000, 0x000000008fa00000|100%| E|CS|TAMS 0x000000008f900000, 0x000000008f900000| Complete 
| 168|0x000000008fa00000, 0x000000008fb00000, 0x000000008fb00000|100%| E|CS|TAMS 0x000000008fa00000, 0x000000008fa00000| Complete 
| 169|0x000000008fb00000, 0x000000008fc00000, 0x000000008fc00000|100%| E|CS|TAMS 0x000000008fb00000, 0x000000008fb00000| Complete 
| 170|0x000000008fc00000, 0x000000008fd00000, 0x000000008fd00000|100%| E|CS|TAMS 0x000000008fc00000, 0x000000008fc00000| Complete 
| 171|0x000000008fd00000, 0x000000008fe00000, 0x000000008fe00000|100%| E|CS|TAMS 0x000000008fd00000, 0x000000008fd00000| Complete 
| 172|0x000000008fe00000, 0x000000008ff00000, 0x000000008ff00000|100%| E|CS|TAMS 0x000000008fe00000, 0x000000008fe00000| Complete 
| 173|0x000000008ff00000, 0x000000008ffe22c0, 0x0000000090000000| 88%| E|CS|TAMS 0x000000008ff00000, 0x000000008ff00000| Complete 
| 174|0x0000000090000000, 0x0000000090100000, 0x0000000090100000|100%| E|CS|TAMS 0x0000000090000000, 0x0000000090000000| Complete 
| 175|0x0000000090100000, 0x0000000090200000, 0x0000000090200000|100%| E|CS|TAMS 0x0000000090100000, 0x0000000090100000| Complete 
| 176|0x0000000090200000, 0x0000000090300000, 0x0000000090300000|100%| E|CS|TAMS 0x0000000090200000, 0x0000000090200000| Complete 
| 177|0x0000000090300000, 0x0000000090400000, 0x0000000090400000|100%| E|CS|TAMS 0x0000000090300000, 0x0000000090300000| Complete 
| 178|0x0000000090400000, 0x0000000090500000, 0x0000000090500000|100%| E|CS|TAMS 0x0000000090400000, 0x0000000090400000| Complete 
| 179|0x0000000090500000, 0x0000000090600000, 0x0000000090600000|100%| E|CS|TAMS 0x0000000090500000, 0x0000000090500000| Complete 
| 180|0x0000000090600000, 0x0000000090700000, 0x0000000090700000|100%| E|CS|TAMS 0x0000000090600000, 0x0000000090600000| Complete 
| 181|0x0000000090700000, 0x0000000090800000, 0x0000000090800000|100%| E|CS|TAMS 0x0000000090700000, 0x0000000090700000| Complete 
| 182|0x0000000090800000, 0x0000000090900000, 0x0000000090900000|100%| E|CS|TAMS 0x0000000090800000, 0x0000000090800000| Complete 
| 183|0x0000000090900000, 0x0000000090a00000, 0x0000000090a00000|100%| E|CS|TAMS 0x0000000090900000, 0x0000000090900000| Complete 
| 184|0x0000000090a00000, 0x0000000090b00000, 0x0000000090b00000|100%| E|CS|TAMS 0x0000000090a00000, 0x0000000090a00000| Complete 
| 185|0x0000000090b00000, 0x0000000090c00000, 0x0000000090c00000|100%| E|CS|TAMS 0x0000000090b00000, 0x0000000090b00000| Complete 
| 186|0x0000000090c00000, 0x0000000090d00000, 0x0000000090d00000|100%| E|CS|TAMS 0x0000000090c00000, 0x0000000090c00000| Complete 
|1964|0x00000000ffe00000, 0x00000000ffe35000, 0x00000000fff00000| 20%|OA|  |TAMS 0x00000000ffe35000, 0x00000000ffe00000| Untracked 
|1965|0x00000000fff00000, 0x00000000fff6a000, 0x0000000100000000| 41%|CA|  |TAMS 0x00000000fff6a000, 0x00000000fff00000| Untracked 

Card table byte_map: [0x00007f50dc8f4000,0x00007f50dcccb000] _byte_map_base: 0x00007f50dc4cb000

Marking Bits (Prev, Next): (CMBitMap*) 0x00007f50d80529f0, (CMBitMap*) 0x00007f50d80529b8
 Prev Bits: [0x00007f50b8290000, 0x00007f50ba148000)
 Next Bits: [0x00007f50ba148000, 0x00007f50bc000000)

Polling page: 0x00007f50e15c5000

Metaspace:

Usage:
  Non-class:     23.96 MB capacity,    23.29 MB ( 97%) used,   571.21 KB (  2%) free+waste,   115.56 KB ( <1%) overhead. 
      Class:      4.06 MB capacity,     3.61 MB ( 89%) used,   401.80 KB ( 10%) free+waste,    58.88 KB (  1%) overhead. 
       Both:     28.02 MB capacity,    26.90 MB ( 96%) used,   973.01 KB (  3%) free+waste,   174.44 KB ( <1%) overhead. 

Virtual space:
  Non-class space:       24.00 MB reserved,      24.00 MB (100%) committed 
      Class space:        1.00 GB reserved,       4.12 MB ( <1%) committed 
             Both:        1.02 GB reserved,      28.12 MB (  3%) committed 

Chunk freelists:
   Non-Class:  40.00 KB
       Class:  2.00 KB
        Both:  42.00 KB

CodeHeap 'non-profiled nmethods': size=238948Kb used=6266Kb max_used=6266Kb free=232681Kb
 bounds [0x00007f50c1025000, 0x00007f50c1645000, 0x00007f50cf97e000]
CodeHeap 'non-nmethods': size=6812Kb used=1167Kb max_used=1167Kb free=5644Kb
 bounds [0x00007f50c097e000, 0x00007f50c0bee000, 0x00007f50c1025000]
 total_blobs=4143 nmethods=3611 adapters=430
 compilation: enabled
              stopped_count=0, restarted_count=0
 full_count=0

Compilation events (10 events):
Event: 1.521 Thread 0x00007f50d8113800 3620       1       org.springframework.cglib.reflect.FastClassEmitter$1::transform (11 bytes)
Event: 1.521 Thread 0x00007f50d8113800 nmethod 3620 0x00007f50c1642010 code [0x00007f50c1642200, 0x00007f50c16424a8]
Event: 1.521 Thread 0x00007f50d8113800 3621       1       org.springframework.cglib.reflect.FastClassEmitter$3::processCase (25 bytes)
Event: 1.521 Thread 0x00007f50d8113800 nmethod 3621 0x00007f50c1642610 code [0x00007f50c1642800, 0x00007f50c1642a28]
Event: 1.521 Thread 0x00007f50d8113800 3622       1       org.springframework.cglib.core.EmitUtils$11::transform (11 bytes)
Event: 1.521 Thread 0x00007f50d8113800 nmethod 3622 0x00007f50c1642c10 code [0x00007f50c1642dc0, 0x00007f50c1642f68]
Event: 1.521 Thread 0x00007f50d8113800 3623       1       org.springframework.cglib.core.EmitUtils$12::processCase (37 bytes)
Event: 1.521 Thread 0x00007f50d8113800 nmethod 3623 0x00007f50c1643010 code [0x00007f50c16431e0, 0x00007f50c16433d8]
Event: 1.521 Thread 0x00007f50d8113800 3618       1       org.springframework.core.annotation.AnnotationUtils$$Lambda$204/0x00000008401f8040::accept (32 bytes)
Event: 1.521 Thread 0x00007f50d8113800 nmethod 3618 0x00007f50c1643510 code [0x00007f50c16436c0, 0x00007f50c16438e8]

GC Heap History (10 events):
Event: 0.351 GC heap after
{Heap after GC invocations=2 (full 0):
 garbage-first heap   total 129024K, used 7687K [0x0000000085200000, 0x0000000100000000)
  region size 1024K, 1 young (1024K), 1 survivors (1024K)
 Metaspace       used 6050K, capacity 6393K, committed 6656K, reserved 1056768K
  class space    used 763K, capacity 907K, committed 1024K, reserved 1048576K
}
Event: 0.474 GC heap before
{Heap before GC invocations=2 (full 0):
 garbage-first heap   total 129024K, used 28167K [0x0000000085200000, 0x0000000100000000)
  region size 1024K, 21 young (21504K), 1 survivors (1024K)
 Metaspace       used 9441K, capacity 9875K, committed 10240K, reserved 1058816K
  class space    used 1261K, capacity 1437K, committed 1536K, reserved 1048576K
}
Event: 0.483 GC heap after
{Heap after GC invocations=3 (full 0):
 garbage-first heap   total 129024K, used 8539K [0x0000000085200000, 0x0000000100000000)
  region size 1024K, 2 young (2048K), 2 survivors (2048K)
 Metaspace       used 9441K, capacity 9875K, committed 10240K, reserved 1058816K
  class space    used 1261K, capacity 1437K, committed 1536K, reserved 1048576K
}
Event: 0.674 GC heap before
{Heap before GC invocations=3 (full 0):
 garbage-first heap   total 129024K, used 57691K [0x0000000085200000, 0x0000000100000000)
  region size 1024K, 51 young (52224K), 2 survivors (2048K)
 Metaspace       used 17260K, capacity 17922K, committed 18048K, reserved 1064960K
  class space    used 2343K, capacity 2631K, committed 2688K, reserved 1048576K
}
Event: 0.679 GC heap after
{Heap after GC invocations=4 (full 0):
 garbage-first heap   total 129024K, used 10638K [0x0000000085200000, 0x0000000100000000)
  region size 1024K, 4 young (4096K), 4 survivors (4096K)
 Metaspace       used 17260K, capacity 17922K, committed 18048K, reserved 1064960K
  class space    used 2343K, capacity 2631K, committed 2688K, reserved 1048576K
}
Event: 0.919 GC heap before
{Heap before GC invocations=4 (full 0):
 garbage-first heap   total 129024K, used 81294K [0x0000000085200000, 0x0000000100000000)
  region size 1024K, 74 young (75776K), 4 survivors (4096K)
 Metaspace       used 19527K, capacity 20322K, committed 20352K, reserved 1067008K
  class space    used 2637K, capacity 2937K, committed 2944K, reserved 1048576K
}
Event: 0.925 GC heap after
{Heap after GC invocations=5 (full 0):
 garbage-first heap   total 193536K, used 12896K [0x0000000085200000, 0x0000000100000000)
  region size 1024K, 6 young (6144K), 6 survivors (6144K)
 Metaspace       used 19527K, capacity 20322K, committed 20352K, reserved 1067008K
  class space    used 2637K, capacity 2937K, committed 2944K, reserved 1048576K
}
Event: 0.983 GC heap before
{Heap before GC invocations=5 (full 0):
 garbage-first heap   total 193536K, used 20064K [0x0000000085200000, 0x0000000100000000)
  region size 1024K, 14 young (14336K), 6 survivors (6144K)
 Metaspace       used 20296K, capacity 21111K, committed 21248K, reserved 1067008K
  class space    used 2747K, capacity 3070K, committed 3072K, reserved 1048576K
}
Event: 0.990 GC heap after
{Heap after GC invocations=6 (full 0):
 garbage-first heap   total 193536K, used 13395K [0x0000000085200000, 0x0000000100000000)
  region size 1024K, 6 young (6144K), 6 survivors (6144K)
 Metaspace       used 20296K, capacity 21111K, committed 21248K, reserved 1067008K
  class space    used 2747K, capacity 3070K, committed 3072K, reserved 1048576K
}
Event: 1.523 GC heap before
{Heap before GC invocations=7 (full 0):
 garbage-first heap   total 193536K, used 121939K [0x0000000085200000, 0x0000000100000000)
  region size 1024K, 113 young (115712K), 6 survivors (6144K)
 Metaspace       used 27542K, capacity 28690K, committed 28800K, reserved 1073152K
  class space    used 3697K, capacity 4158K, committed 4224K, reserved 1048576K
}

Deoptimization events (0 events):
No events

Classes redefined (0 events):
No events

Internal exceptions (10 events):
Event: 1.501 Thread 0x00007f50d8014000 Exception <a 'java/lang/NullPointerException'{0x0000000089e73ec8}> (0x0000000089e73ec8) thrown at [/build/openjdk-lts-TkRlmw/openjdk-lts-11.0.3+7/src/hotspot/share/runtime/sharedRuntime.cpp, line 584]
Event: 1.502 Thread 0x00007f50d8014000 Implicit null exception at 0x00007f50c15a028d to 0x00007f50c15a05d7
Event: 1.502 Thread 0x00007f50d8014000 Exception <a 'java/lang/NullPointerException'{0x0000000089e74e78}> (0x0000000089e74e78) thrown at [/build/openjdk-lts-TkRlmw/openjdk-lts-11.0.3+7/src/hotspot/share/runtime/sharedRuntime.cpp, line 584]
Event: 1.502 Thread 0x00007f50d8014000 Implicit null exception at 0x00007f50c15a028d to 0x00007f50c15a05d7
Event: 1.502 Thread 0x00007f50d8014000 Exception <a 'java/lang/NullPointerException'{0x0000000089e75e68}> (0x0000000089e75e68) thrown at [/build/openjdk-lts-TkRlmw/openjdk-lts-11.0.3+7/src/hotspot/share/runtime/sharedRuntime.cpp, line 584]
Event: 1.502 Thread 0x00007f50d8014000 Implicit null exception at 0x00007f50c15a028d to 0x00007f50c15a05d7
Event: 1.502 Thread 0x00007f50d8014000 Exception <a 'java/lang/NullPointerException'{0x0000000089e76e18}> (0x0000000089e76e18) thrown at [/build/openjdk-lts-TkRlmw/openjdk-lts-11.0.3+7/src/hotspot/share/runtime/sharedRuntime.cpp, line 584]
Event: 1.513 Thread 0x00007f50d8014000 Exception <a 'java/lang/NoSuchMethodError'{0x0000000089c227b8}: java.lang.invoke.DirectMethodHandle$Holder.invokeSpecial(Ljava/lang/Object;Ljava/lang/Object;Ljava/lang/Object;Ljava/lang/Object;Ljava/lang/Object;Ljava/lang/Object;I)Ljava/lang/Object;> (0x0
Event: 1.513 Thread 0x00007f50d8014000 Exception <a 'java/lang/NoSuchMethodError'{0x0000000089c2c218}: java.lang.invoke.DirectMethodHandle$Holder.invokeSpecial(Ljava/lang/Object;Ljava/lang/Object;Ljava/lang/Object;Ljava/lang/Object;Ljava/lang/Object;Ljava/lang/Object;Ljava/lang/Object;I)Ljava/
Event: 1.513 Thread 0x00007f50d8014000 Exception <a 'java/lang/NoSuchMethodError'{0x0000000089c30368}: java.lang.invoke.Invokers$Holder.linkToTargetMethod(Ljava/lang/Object;Ljava/lang/Object;Ljava/lang/Object;Ljava/lang/Object;Ljava/lang/Object;ILjava/lang/Object;)Ljava/lang/Object;> (0x000000

Events (10 events):
Event: 1.513 loading class org/springframework/boot/context/properties/bind/Binder done
Event: 1.513 loading class org/springframework/boot/context/properties/source/ConfigurationPropertyName$ElementCharPredicate
Event: 1.513 loading class org/springframework/boot/context/properties/source/ConfigurationPropertyName$ElementCharPredicate done
Event: 1.513 loading class org/springframework/boot/context/properties/source/ConfigurationPropertyName$ElementCharPredicate
Event: 1.513 loading class org/springframework/boot/context/properties/source/ConfigurationPropertyName$ElementCharPredicate done
Event: 1.522 loading class org/springframework/core/ResolvableType$WildcardBounds$Kind
Event: 1.522 loading class org/springframework/core/ResolvableType$WildcardBounds$Kind done
Event: 1.522 loading class org/springframework/boot/convert/DurationUnit
Event: 1.522 loading class org/springframework/boot/convert/DurationUnit done
Event: 1.522 Executing VM operation: G1CollectForAllocation


Dynamic libraries:
85200000-90d00000 rw-p 00000000 00:00 0 
90d00000-ffe00000 ---p 00000000 00:00 0 
ffe00000-ffe35000 rw-p 0111e000 08:02 10355699                           /usr/lib/jvm/java-11-openjdk-amd64/lib/server/classes.jsa
ffe35000-fff00000 rw-p 00000000 00:00 0 
fff00000-fff6a000 rw-p 010b4000 08:02 10355699                           /usr/lib/jvm/java-11-openjdk-amd64/lib/server/classes.jsa
fff6a000-100000000 rw-p 00000000 00:00 0 
800000000-800002000 rwxp 00001000 08:02 10355699                         /usr/lib/jvm/java-11-openjdk-amd64/lib/server/classes.jsa
800002000-8003bf000 rw-p 00003000 08:02 10355699                         /usr/lib/jvm/java-11-openjdk-amd64/lib/server/classes.jsa
8003bf000-800a9c000 r--p 003c0000 08:02 10355699                         /usr/lib/jvm/java-11-openjdk-amd64/lib/server/classes.jsa
800a9c000-800a9d000 rw-p 00a9d000 08:02 10355699                         /usr/lib/jvm/java-11-openjdk-amd64/lib/server/classes.jsa
800a9d000-8010b3000 r--p 00a9e000 08:02 10355699                         /usr/lib/jvm/java-11-openjdk-amd64/lib/server/classes.jsa
840000000-840420000 rw-p 00000000 00:00 0 
840420000-880000000 ---p 00000000 00:00 0 
55ac719af000-55ac719b0000 r-xp 00000000 08:02 10360945                   /usr/lib/jvm/java-11-openjdk-amd64/bin/java
55ac71bb0000-55ac71bb1000 r--p 00001000 08:02 10360945                   /usr/lib/jvm/java-11-openjdk-amd64/bin/java
55ac71bb1000-55ac71bb2000 rw-p 00002000 08:02 10360945                   /usr/lib/jvm/java-11-openjdk-amd64/bin/java
55ac726ec000-55ac7270d000 rw-p 00000000 00:00 0                          [heap]
7f504c000000-7f504c021000 rw-p 00000000 00:00 0 
7f504c021000-7f5050000000 ---p 00000000 00:00 0 
7f5050000000-7f5050021000 rw-p 00000000 00:00 0 
7f5050021000-7f5054000000 ---p 00000000 00:00 0 
7f5054000000-7f5054021000 rw-p 00000000 00:00 0 
7f5054021000-7f5058000000 ---p 00000000 00:00 0 
7f5058000000-7f5058061000 rw-p 00000000 00:00 0 
7f5058061000-7f505c000000 ---p 00000000 00:00 0 
7f505c000000-7f505c021000 rw-p 00000000 00:00 0 
7f505c021000-7f5060000000 ---p 00000000 00:00 0 
7f5060000000-7f50602d5000 rw-p 00000000 00:00 0 
7f50602d5000-7f5064000000 ---p 00000000 00:00 0 
7f5064000000-7f5064021000 rw-p 00000000 00:00 0 
7f5064021000-7f5068000000 ---p 00000000 00:00 0 
7f5068000000-7f5068021000 rw-p 00000000 00:00 0 
7f5068021000-7f506c000000 ---p 00000000 00:00 0 
7f506c000000-7f506c021000 rw-p 00000000 00:00 0 
7f506c021000-7f5070000000 ---p 00000000 00:00 0 
7f5070000000-7f5070021000 rw-p 00000000 00:00 0 
7f5070021000-7f5074000000 ---p 00000000 00:00 0 
7f5074000000-7f5074021000 rw-p 00000000 00:00 0 
7f5074021000-7f5078000000 ---p 00000000 00:00 0 
7f5078000000-7f5078021000 rw-p 00000000 00:00 0 
7f5078021000-7f507c000000 ---p 00000000 00:00 0 
7f507e4ef000-7f507e4f3000 ---p 00000000 00:00 0 
7f507e4f3000-7f507e5f0000 rw-p 00000000 00:00 0 
7f507e5f0000-7f507e5f4000 ---p 00000000 00:00 0 
7f507e5f4000-7f507e8f1000 rw-p 00000000 00:00 0 
7f507e8f1000-7f507eaf1000 rw-p 00000000 00:00 0 
7f507eaf1000-7f507ecf1000 rw-p 00000000 00:00 0 
7f507ecf1000-7f507eef1000 rw-p 00000000 00:00 0 
7f507eef1000-7f507eef5000 ---p 00000000 00:00 0 
7f507eef5000-7f507f1f2000 rw-p 00000000 00:00 0 
7f507f1f2000-7f507f3f2000 rw-p 00000000 00:00 0 
7f507f3f2000-7f507f5f2000 rw-p 00000000 00:00 0 
7f507f5f2000-7f507f5f3000 ---p 00000000 00:00 0 
7f507f5f3000-7f507f8f4000 rw-p 00000000 00:00 0 
7f507f8f4000-7f507f8f8000 ---p 00000000 00:00 0 
7f507f8f8000-7f507f9f5000 rw-p 00000000 00:00 0 
7f507f9f5000-7f507f9f6000 ---p 00000000 00:00 0 
7f507f9f6000-7f507faf7000 rw-p 00000000 00:00 0 
7f507faf7000-7f507faf8000 ---p 00000000 00:00 0 
7f507faf8000-7f507fbf9000 rw-p 00000000 00:00 0 
7f507fbf9000-7f507fbfa000 ---p 00000000 00:00 0 
7f507fbfa000-7f507fcfb000 rw-p 00000000 00:00 0 
7f507fcfb000-7f507fcfc000 ---p 00000000 00:00 0 
7f507fcfc000-7f507fdfd000 rw-p 00000000 00:00 0 
7f507fdfd000-7f507fdfe000 ---p 00000000 00:00 0 
7f507fdfe000-7f507feff000 rw-p 00000000 00:00 0 
7f507feff000-7f507ff03000 ---p 00000000 00:00 0 
7f507ff03000-7f5080000000 rw-p 00000000 00:00 0 
7f5080000000-7f5080021000 rw-p 00000000 00:00 0 
7f5080021000-7f5084000000 ---p 00000000 00:00 0 
7f5084000000-7f5084021000 rw-p 00000000 00:00 0 
7f5084021000-7f5088000000 ---p 00000000 00:00 0 
7f5088000000-7f5088021000 rw-p 00000000 00:00 0 
7f5088021000-7f508c000000 ---p 00000000 00:00 0 
7f508c000000-7f508c021000 rw-p 00000000 00:00 0 
7f508c021000-7f5090000000 ---p 00000000 00:00 0 
7f5090000000-7f5090021000 rw-p 00000000 00:00 0 
7f5090021000-7f5094000000 ---p 00000000 00:00 0 
7f5094000000-7f5094515000 rw-p 00000000 00:00 0 
7f5094515000-7f5098000000 ---p 00000000 00:00 0 
7f5098000000-7f5098021000 rw-p 00000000 00:00 0 
7f5098021000-7f509c000000 ---p 00000000 00:00 0 
7f509c000000-7f509c021000 rw-p 00000000 00:00 0 
7f509c021000-7f50a0000000 ---p 00000000 00:00 0 
7f50a0000000-7f50a0021000 rw-p 00000000 00:00 0 
7f50a0021000-7f50a4000000 ---p 00000000 00:00 0 
7f50a4000000-7f50a4042000 rw-p 00000000 00:00 0 
7f50a4042000-7f50a8000000 ---p 00000000 00:00 0 
7f50a8000000-7f50a8021000 rw-p 00000000 00:00 0 
7f50a8021000-7f50ac000000 ---p 00000000 00:00 0 
7f50ac000000-7f50ac021000 rw-p 00000000 00:00 0 
7f50ac021000-7f50b0000000 ---p 00000000 00:00 0 
7f50b00f8000-7f50b00fc000 ---p 00000000 00:00 0 
7f50b00fc000-7f50b01f9000 rw-p 00000000 00:00 0 
7f50b01f9000-7f50b01fd000 ---p 00000000 00:00 0 
7f50b01fd000-7f50b02fa000 rw-p 00000000 00:00 0 
7f50b02fa000-7f50b02fc000 r-xp 00000000 08:02 10360998                   /usr/lib/jvm/java-11-openjdk-amd64/lib/libextnet.so
7f50b02fc000-7f50b04fb000 ---p 00002000 08:02 10360998                   /usr/lib/jvm/java-11-openjdk-amd64/lib/libextnet.so
7f50b04fb000-7f50b04fc000 r--p 00001000 08:02 10360998                   /usr/lib/jvm/java-11-openjdk-amd64/lib/libextnet.so
7f50b04fc000-7f50b04fd000 rw-p 00002000 08:02 10360998                   /usr/lib/jvm/java-11-openjdk-amd64/lib/libextnet.so
7f50b04fd000-7f50b0502000 r-xp 00000000 08:02 10361096                   /usr/lib/jvm/java-11-openjdk-amd64/lib/libmanagement_ext.so
7f50b0502000-7f50b0701000 ---p 00005000 08:02 10361096                   /usr/lib/jvm/java-11-openjdk-amd64/lib/libmanagement_ext.so
7f50b0701000-7f50b0702000 r--p 00004000 08:02 10361096                   /usr/lib/jvm/java-11-openjdk-amd64/lib/libmanagement_ext.so
7f50b0702000-7f50b0703000 rw-p 00005000 08:02 10361096                   /usr/lib/jvm/java-11-openjdk-amd64/lib/libmanagement_ext.so
7f50b0703000-7f50b0707000 r-xp 00000000 08:02 10361094                   /usr/lib/jvm/java-11-openjdk-amd64/lib/libmanagement.so
7f50b0707000-7f50b0906000 ---p 00004000 08:02 10361094                   /usr/lib/jvm/java-11-openjdk-amd64/lib/libmanagement.so
7f50b0906000-7f50b0907000 r--p 00003000 08:02 10361094                   /usr/lib/jvm/java-11-openjdk-amd64/lib/libmanagement.so
7f50b0907000-7f50b0908000 rw-p 00004000 08:02 10361094                   /usr/lib/jvm/java-11-openjdk-amd64/lib/libmanagement.so
7f50b0908000-7f50b091e000 r-xp 00000000 08:02 10361098                   /usr/lib/jvm/java-11-openjdk-amd64/lib/libnet.so
7f50b091e000-7f50b0b1d000 ---p 00016000 08:02 10361098                   /usr/lib/jvm/java-11-openjdk-amd64/lib/libnet.so
7f50b0b1d000-7f50b0b1e000 r--p 00015000 08:02 10361098                   /usr/lib/jvm/java-11-openjdk-amd64/lib/libnet.so
7f50b0b1e000-7f50b0b1f000 rw-p 00016000 08:02 10361098                   /usr/lib/jvm/java-11-openjdk-amd64/lib/libnet.so
7f50b0b1f000-7f50b0b2f000 r-xp 00000000 08:02 10361099                   /usr/lib/jvm/java-11-openjdk-amd64/lib/libnio.so
7f50b0b2f000-7f50b0d2e000 ---p 00010000 08:02 10361099                   /usr/lib/jvm/java-11-openjdk-amd64/lib/libnio.so
7f50b0d2e000-7f50b0d2f000 r--p 0000f000 08:02 10361099                   /usr/lib/jvm/java-11-openjdk-amd64/lib/libnio.so
7f50b0d2f000-7f50b0d30000 rw-p 00010000 08:02 10361099                   /usr/lib/jvm/java-11-openjdk-amd64/lib/libnio.so
7f50b0d30000-7f50b0d34000 ---p 00000000 00:00 0 
7f50b0d34000-7f50b0e31000 rw-p 00000000 00:00 0 
7f50b0e31000-7f50b1800000 r--p 00000000 08:02 10361460                   /usr/lib/locale/locale-archive
7f50b1800000-7f50b4000000 rw-p 00000000 00:00 0 
7f50b4000000-7f50b4021000 rw-p 00000000 00:00 0 
7f50b4021000-7f50b8000000 ---p 00000000 00:00 0 
7f50b808e000-7f50b8092000 ---p 00000000 00:00 0 
7f50b8092000-7f50b818f000 rw-p 00000000 00:00 0 
7f50b818f000-7f50b8193000 ---p 00000000 00:00 0 
7f50b8193000-7f50b857c000 rw-p 00000000 00:00 0 
7f50b857c000-7f50ba140000 ---p 00000000 00:00 0 
7f50ba140000-7f50ba434000 rw-p 00000000 00:00 0 
7f50ba434000-7f50bbff8000 ---p 00000000 00:00 0 
7f50bbff8000-7f50bc000000 rw-p 00000000 00:00 0 
7f50bc000000-7f50bc021000 rw-p 00000000 00:00 0 
7f50bc021000-7f50c0000000 ---p 00000000 00:00 0 
7f50c0066000-7f50c0097000 rw-p 00000000 00:00 0 
7f50c0097000-7f50c009b000 ---p 00000000 00:00 0 
7f50c009b000-7f50c0198000 rw-p 00000000 00:00 0 
7f50c0198000-7f50c019c000 ---p 00000000 00:00 0 
7f50c019c000-7f50c0299000 rw-p 00000000 00:00 0 
7f50c0299000-7f50c029d000 ---p 00000000 00:00 0 
7f50c029d000-7f50c039a000 rw-p 00000000 00:00 0 
7f50c039a000-7f50c039e000 ---p 00000000 00:00 0 
7f50c039e000-7f50c049b000 rw-p 00000000 00:00 0 
7f50c049b000-7f50c049c000 ---p 00000000 00:00 0 
7f50c049c000-7f50c0679000 rw-p 00000000 00:00 0 
7f50c0679000-7f50c067a000 ---p 00000000 00:00 0 
7f50c067a000-7f50c077b000 rw-p 00000000 00:00 0 
7f50c077b000-7f50c077c000 ---p 00000000 00:00 0 
7f50c077c000-7f50c097e000 rw-p 00000000 00:00 0 
7f50c097e000-7f50c0bee000 rwxp 00000000 00:00 0 
7f50c0bee000-7f50c1025000 ---p 00000000 00:00 0 
7f50c1025000-7f50c1645000 rwxp 00000000 00:00 0 
7f50c1645000-7f50cf97e000 ---p 00000000 00:00 0 
7f50cf97e000-7f50d8000000 r--s 00000000 08:02 10361108                   /usr/lib/jvm/java-11-openjdk-amd64/lib/modules
7f50d8000000-7f50d8cb3000 rw-p 00000000 00:00 0 
7f50d8cb3000-7f50dc000000 ---p 00000000 00:00 0 
7f50dc016000-7f50dc319000 rw-p 00000000 00:00 0 
7f50dc319000-7f50dc31a000 ---p 00000000 00:00 0 
7f50dc31a000-7f50dc41b000 rw-p 00000000 00:00 0 
7f50dc41b000-7f50dc41c000 ---p 00000000 00:00 0 
7f50dc41c000-7f50dc57b000 rw-p 00000000 00:00 0 
7f50dc57b000-7f50dc8f3000 ---p 00000000 00:00 0 
7f50dc8f3000-7f50dc952000 rw-p 00000000 00:00 0 
7f50dc952000-7f50dccca000 ---p 00000000 00:00 0 
7f50dccca000-7f50dcd29000 rw-p 00000000 00:00 0 
7f50dcd29000-7f50dd0a1000 ---p 00000000 00:00 0 
7f50dd0a1000-7f50dd4a6000 rw-p 00000000 00:00 0 
7f50dd4a6000-7f50dd4a7000 ---p 00000000 00:00 0 
7f50dd4a7000-7f50dd5b5000 rw-p 00000000 00:00 0 
7f50dd5b5000-7f50dd77b000 ---p 00000000 00:00 0 
7f50dd77b000-7f50dd780000 r-xp 00000000 08:02 10361090                   /usr/lib/jvm/java-11-openjdk-amd64/lib/libjimage.so
7f50dd780000-7f50dd97f000 ---p 00005000 08:02 10361090                   /usr/lib/jvm/java-11-openjdk-amd64/lib/libjimage.so
7f50dd97f000-7f50dd980000 r--p 00004000 08:02 10361090                   /usr/lib/jvm/java-11-openjdk-amd64/lib/libjimage.so
7f50dd980000-7f50dd981000 rw-p 00005000 08:02 10361090                   /usr/lib/jvm/java-11-openjdk-amd64/lib/libjimage.so
7f50dd981000-7f50dd988000 r-xp 00000000 08:02 10361107                   /usr/lib/jvm/java-11-openjdk-amd64/lib/libzip.so
7f50dd988000-7f50ddb87000 ---p 00007000 08:02 10361107                   /usr/lib/jvm/java-11-openjdk-amd64/lib/libzip.so
7f50ddb87000-7f50ddb88000 r--p 00006000 08:02 10361107                   /usr/lib/jvm/java-11-openjdk-amd64/lib/libzip.so
7f50ddb88000-7f50ddb89000 rw-p 00007000 08:02 10361107                   /usr/lib/jvm/java-11-openjdk-amd64/lib/libzip.so
7f50ddb89000-7f50ddb94000 r-xp 00000000 08:02 10752751                   /lib/x86_64-linux-gnu/libnss_files-2.27.so
7f50ddb94000-7f50ddd93000 ---p 0000b000 08:02 10752751                   /lib/x86_64-linux-gnu/libnss_files-2.27.so
7f50ddd93000-7f50ddd94000 r--p 0000a000 08:02 10752751                   /lib/x86_64-linux-gnu/libnss_files-2.27.so
7f50ddd94000-7f50ddd95000 rw-p 0000b000 08:02 10752751                   /lib/x86_64-linux-gnu/libnss_files-2.27.so
7f50ddd95000-7f50ddd9b000 rw-p 00000000 00:00 0 
7f50ddd9b000-7f50dddb2000 r-xp 00000000 08:02 10752745                   /lib/x86_64-linux-gnu/libnsl-2.27.so
7f50dddb2000-7f50ddfb1000 ---p 00017000 08:02 10752745                   /lib/x86_64-linux-gnu/libnsl-2.27.so
7f50ddfb1000-7f50ddfb2000 r--p 00016000 08:02 10752745                   /lib/x86_64-linux-gnu/libnsl-2.27.so
7f50ddfb2000-7f50ddfb3000 rw-p 00017000 08:02 10752745                   /lib/x86_64-linux-gnu/libnsl-2.27.so
7f50ddfb3000-7f50ddfb5000 rw-p 00000000 00:00 0 
7f50ddfb5000-7f50ddfc0000 r-xp 00000000 08:02 10752762                   /lib/x86_64-linux-gnu/libnss_nis-2.27.so
7f50ddfc0000-7f50de1bf000 ---p 0000b000 08:02 10752762                   /lib/x86_64-linux-gnu/libnss_nis-2.27.so
7f50de1bf000-7f50de1c0000 r--p 0000a000 08:02 10752762                   /lib/x86_64-linux-gnu/libnss_nis-2.27.so
7f50de1c0000-7f50de1c1000 rw-p 0000b000 08:02 10752762                   /lib/x86_64-linux-gnu/libnss_nis-2.27.so
7f50de1c1000-7f50de1c9000 r-xp 00000000 08:02 10752747                   /lib/x86_64-linux-gnu/libnss_compat-2.27.so
7f50de1c9000-7f50de3c9000 ---p 00008000 08:02 10752747                   /lib/x86_64-linux-gnu/libnss_compat-2.27.so
7f50de3c9000-7f50de3ca000 r--p 00008000 08:02 10752747                   /lib/x86_64-linux-gnu/libnss_compat-2.27.so
7f50de3ca000-7f50de3cb000 rw-p 00009000 08:02 10752747                   /lib/x86_64-linux-gnu/libnss_compat-2.27.so
7f50de3cb000-7f50de3f4000 r-xp 00000000 08:02 10361086                   /usr/lib/jvm/java-11-openjdk-amd64/lib/libjava.so
7f50de3f4000-7f50de5f3000 ---p 00029000 08:02 10361086                   /usr/lib/jvm/java-11-openjdk-amd64/lib/libjava.so
7f50de5f3000-7f50de5f4000 r--p 00028000 08:02 10361086                   /usr/lib/jvm/java-11-openjdk-amd64/lib/libjava.so
7f50de5f4000-7f50de5f6000 rw-p 00029000 08:02 10361086                   /usr/lib/jvm/java-11-openjdk-amd64/lib/libjava.so
7f50de5f6000-7f50de603000 r-xp 00000000 08:02 10361106                   /usr/lib/jvm/java-11-openjdk-amd64/lib/libverify.so
7f50de603000-7f50de802000 ---p 0000d000 08:02 10361106                   /usr/lib/jvm/java-11-openjdk-amd64/lib/libverify.so
7f50de802000-7f50de804000 r--p 0000c000 08:02 10361106                   /usr/lib/jvm/java-11-openjdk-amd64/lib/libverify.so
7f50de804000-7f50de805000 rw-p 0000e000 08:02 10361106                   /usr/lib/jvm/java-11-openjdk-amd64/lib/libverify.so
7f50de805000-7f50de80c000 r-xp 00000000 08:02 10752802                   /lib/x86_64-linux-gnu/librt-2.27.so
7f50de80c000-7f50dea0b000 ---p 00007000 08:02 10752802                   /lib/x86_64-linux-gnu/librt-2.27.so
7f50dea0b000-7f50dea0c000 r--p 00006000 08:02 10752802                   /lib/x86_64-linux-gnu/librt-2.27.so
7f50dea0c000-7f50dea0d000 rw-p 00007000 08:02 10752802                   /lib/x86_64-linux-gnu/librt-2.27.so
7f50dea0d000-7f50dea24000 r-xp 00000000 08:02 10748292                   /lib/x86_64-linux-gnu/libgcc_s.so.1
7f50dea24000-7f50dec23000 ---p 00017000 08:02 10748292                   /lib/x86_64-linux-gnu/libgcc_s.so.1
7f50dec23000-7f50dec24000 r--p 00016000 08:02 10748292                   /lib/x86_64-linux-gnu/libgcc_s.so.1
7f50dec24000-7f50dec25000 rw-p 00017000 08:02 10748292                   /lib/x86_64-linux-gnu/libgcc_s.so.1
7f50dec25000-7f50dedc2000 r-xp 00000000 08:02 10752724                   /lib/x86_64-linux-gnu/libm-2.27.so
7f50dedc2000-7f50defc1000 ---p 0019d000 08:02 10752724                   /lib/x86_64-linux-gnu/libm-2.27.so
7f50defc1000-7f50defc2000 r--p 0019c000 08:02 10752724                   /lib/x86_64-linux-gnu/libm-2.27.so
7f50defc2000-7f50defc3000 rw-p 0019d000 08:02 10752724                   /lib/x86_64-linux-gnu/libm-2.27.so
7f50defc3000-7f50df13c000 r-xp 00000000 08:02 10355208                   /usr/lib/x86_64-linux-gnu/libstdc++.so.6.0.25
7f50df13c000-7f50df33c000 ---p 00179000 08:02 10355208                   /usr/lib/x86_64-linux-gnu/libstdc++.so.6.0.25
7f50df33c000-7f50df346000 r--p 00179000 08:02 10355208                   /usr/lib/x86_64-linux-gnu/libstdc++.so.6.0.25
7f50df346000-7f50df348000 rw-p 00183000 08:02 10355208                   /usr/lib/x86_64-linux-gnu/libstdc++.so.6.0.25
7f50df348000-7f50df34c000 rw-p 00000000 00:00 0 
7f50df34c000-7f50e0414000 r-xp 00000000 08:02 10361111                   /usr/lib/jvm/java-11-openjdk-amd64/lib/server/libjvm.so
7f50e0414000-7f50e0614000 ---p 010c8000 08:02 10361111                   /usr/lib/jvm/java-11-openjdk-amd64/lib/server/libjvm.so
7f50e0614000-7f50e06d1000 r--p 010c8000 08:02 10361111                   /usr/lib/jvm/java-11-openjdk-amd64/lib/server/libjvm.so
7f50e06d1000-7f50e070a000 rw-p 01185000 08:02 10361111                   /usr/lib/jvm/java-11-openjdk-amd64/lib/server/libjvm.so
7f50e070a000-7f50e0760000 rw-p 00000000 00:00 0 
7f50e0760000-7f50e077a000 r-xp 00000000 08:02 10752794                   /lib/x86_64-linux-gnu/libpthread-2.27.so
7f50e077a000-7f50e0979000 ---p 0001a000 08:02 10752794                   /lib/x86_64-linux-gnu/libpthread-2.27.so
7f50e0979000-7f50e097a000 r--p 00019000 08:02 10752794                   /lib/x86_64-linux-gnu/libpthread-2.27.so
7f50e097a000-7f50e097b000 rw-p 0001a000 08:02 10752794                   /lib/x86_64-linux-gnu/libpthread-2.27.so
7f50e097b000-7f50e097f000 rw-p 00000000 00:00 0 
7f50e097f000-7f50e0982000 r-xp 00000000 08:02 10752684                   /lib/x86_64-linux-gnu/libdl-2.27.so
7f50e0982000-7f50e0b81000 ---p 00003000 08:02 10752684                   /lib/x86_64-linux-gnu/libdl-2.27.so
7f50e0b81000-7f50e0b82000 r--p 00002000 08:02 10752684                   /lib/x86_64-linux-gnu/libdl-2.27.so
7f50e0b82000-7f50e0b83000 rw-p 00003000 08:02 10752684                   /lib/x86_64-linux-gnu/libdl-2.27.so
7f50e0b83000-7f50e0b9f000 r-xp 00000000 08:02 10752833                   /lib/x86_64-linux-gnu/libz.so.1.2.11
7f50e0b9f000-7f50e0d9e000 ---p 0001c000 08:02 10752833                   /lib/x86_64-linux-gnu/libz.so.1.2.11
7f50e0d9e000-7f50e0d9f000 r--p 0001b000 08:02 10752833                   /lib/x86_64-linux-gnu/libz.so.1.2.11
7f50e0d9f000-7f50e0da0000 rw-p 0001c000 08:02 10752833                   /lib/x86_64-linux-gnu/libz.so.1.2.11
7f50e0da0000-7f50e0f87000 r-xp 00000000 08:02 10752661                   /lib/x86_64-linux-gnu/libc-2.27.so
7f50e0f87000-7f50e1187000 ---p 001e7000 08:02 10752661                   /lib/x86_64-linux-gnu/libc-2.27.so
7f50e1187000-7f50e118b000 r--p 001e7000 08:02 10752661                   /lib/x86_64-linux-gnu/libc-2.27.so
7f50e118b000-7f50e118d000 rw-p 001eb000 08:02 10752661                   /lib/x86_64-linux-gnu/libc-2.27.so
7f50e118d000-7f50e1191000 rw-p 00000000 00:00 0 
7f50e1191000-7f50e11a0000 r-xp 00000000 08:02 10360990                   /usr/lib/jvm/java-11-openjdk-amd64/lib/jli/libjli.so
7f50e11a0000-7f50e13a0000 ---p 0000f000 08:02 10360990                   /usr/lib/jvm/java-11-openjdk-amd64/lib/jli/libjli.so
7f50e13a0000-7f50e13a1000 r--p 0000f000 08:02 10360990                   /usr/lib/jvm/java-11-openjdk-amd64/lib/jli/libjli.so
7f50e13a1000-7f50e13a2000 rw-p 00010000 08:02 10360990                   /usr/lib/jvm/java-11-openjdk-amd64/lib/jli/libjli.so
7f50e13a2000-7f50e13c9000 r-xp 00000000 08:02 10752633                   /lib/x86_64-linux-gnu/ld-2.27.so
7f50e13f5000-7f50e14a6000 rw-p 00000000 00:00 0 
7f50e14a6000-7f50e14af000 ---p 00000000 00:00 0 
7f50e14af000-7f50e14b3000 ---p 00000000 00:00 0 
7f50e14b3000-7f50e15b2000 rw-p 00000000 00:00 0 
7f50e15bb000-7f50e15bd000 r--s 00007000 08:02 11146510                   /usr/share/java/java-atk-wrapper.jar
7f50e15bd000-7f50e15c5000 rw-s 00000000 08:02 17045832                   /tmp/hsperfdata_admin1/22535
7f50e15c5000-7f50e15c6000 ---p 00000000 00:00 0 
7f50e15c6000-7f50e15c7000 r--p 00000000 00:00 0 
7f50e15c7000-7f50e15c9000 rw-p 00000000 00:00 0 
7f50e15c9000-7f50e15ca000 r--p 00027000 08:02 10752633                   /lib/x86_64-linux-gnu/ld-2.27.so
7f50e15ca000-7f50e15cb000 rw-p 00028000 08:02 10752633                   /lib/x86_64-linux-gnu/ld-2.27.so
7f50e15cb000-7f50e15cc000 rw-p 00000000 00:00 0 
7ffdb967c000-7ffdb969f000 rw-p 00000000 00:00 0                          [stack]
7ffdb9793000-7ffdb9796000 r--p 00000000 00:00 0                          [vvar]
7ffdb9796000-7ffdb9798000 r-xp 00000000 00:00 0                          [vdso]
ffffffffff600000-ffffffffff601000 r-xp 00000000 00:00 0                  [vsyscall]


VM Arguments:
jvm_args: -Dcom.sun.management.jmxremote -Dcom.sun.management.jmxremote.port=45837 -Dcom.sun.management.jmxremote.authenticate=false -Dcom.sun.management.jmxremote.ssl=false -Djava.rmi.server.hostname=localhost -Dspring.jmx.enabled=true -Dspring.liveBeansView.mbeanDomain -Dspring.application.admin.enabled=true -Djava.security.egd=file:/dev/./urandom -Xverify:none -XX:TieredStopAtLevel=1 -Dfile.encoding=UTF-8 
java_command: com.bridgelabz.fundoo.FundooAppApplication --spring.output.ansi.enabled=always
java_class_path (initial): /home/admin1/Documents/Fundoo/FundooApp/target/classes:/home/admin1/.m2/repository/org/springframework/boot/spring-boot-starter-data-jpa/2.1.5.RELEASE/spring-boot-starter-data-jpa-2.1.5.RELEASE.jar:/home/admin1/.m2/repository/org/springframework/boot/spring-boot-starter-aop/2.1.5.RELEASE/spring-boot-starter-aop-2.1.5.RELEASE.jar:/home/admin1/.m2/repository/org/aspectj/aspectjweaver/1.9.4/aspectjweaver-1.9.4.jar:/home/admin1/.m2/repository/org/springframework/boot/spring-boot-starter-jdbc/2.1.5.RELEASE/spring-boot-starter-jdbc-2.1.5.RELEASE.jar:/home/admin1/.m2/repository/com/zaxxer/HikariCP/3.2.0/HikariCP-3.2.0.jar:/home/admin1/.m2/repository/org/springframework/spring-jdbc/5.1.7.RELEASE/spring-jdbc-5.1.7.RELEASE.jar:/home/admin1/.m2/repository/javax/transaction/javax.transaction-api/1.3/javax.transaction-api-1.3.jar:/home/admin1/.m2/repository/javax/xml/bind/jaxb-api/2.3.1/jaxb-api-2.3.1.jar:/home/admin1/.m2/repository/javax/activation/javax.activation-api/1.2.0/javax.activation-api-1.2.0.jar:/home/admin1/.m2/repository/org/hibernate/hibernate-core/5.3.10.Final/hibernate-core-5.3.10.Final.jar:/home/admin1/.m2/repository/org/jboss/logging/jboss-logging/3.3.2.Final/jboss-logging-3.3.2.Final.jar:/home/admin1/.m2/repository/javax/persistence/javax.persistence-api/2.2/javax.persistence-api-2.2.jar:/home/admin1/.m2/repository/org/javassist/javassist/3.23.2-GA/javassist-3.23.2-GA.jar:/home/admin1/.m2/repository/net/bytebuddy/byte-buddy/1.9.12/byte-buddy-1.9.12.jar:/home/admin1/.m2/repository/antlr/antlr/2.7.7/antlr-2.7.7.jar:/home/admin1/.m2/repository/org/jboss/jandex/2.0.5.Final/jandex-2.0.5.Final.jar:/home/admin1/.m2/repository/com/fasterxml/classmate/1.4.0/classmate-1.4.0.jar:/home/admin1/.m2/repository/org/dom4j/dom4j/2.1.1/dom4j-2.1.1.jar:/home/admin1/.m2/repository/org/hibernate/common/hibernate-commons-annotations/5.0.4.Final/hibernate-commons-annotations-5.0.4.Final.jar:/home/admin1/.m2/repository/org/springframework/data/spring-data-
Launcher Type: SUN_STANDARD

[Global flags]
     bool BytecodeVerificationLocal                = false                                     {product} {command line}
     bool BytecodeVerificationRemote               = false                                     {product} {command line}
     intx CICompilerCount                          = 3                                         {product} {ergonomic}
     uint ConcGCThreads                            = 1                                         {product} {ergonomic}
     uint G1ConcRefinementThreads                  = 4                                         {product} {ergonomic}
   size_t G1HeapRegionSize                         = 1048576                                   {product} {ergonomic}
    uintx GCDrainStackTargetSize                   = 64                                        {product} {ergonomic}
   size_t InitialHeapSize                          = 130023424                                 {product} {ergonomic}
     bool ManagementServer                         = true                                      {product} {command line}
   size_t MarkStackSize                            = 4194304                                   {product} {ergonomic}
   size_t MaxHeapSize                              = 2061500416                                {product} {ergonomic}
   size_t MaxNewSize                               = 1236271104                                {product} {ergonomic}
   size_t MinHeapDeltaBytes                        = 1048576                                   {product} {ergonomic}
    uintx NonNMethodCodeHeapSize                   = 6973028                                {pd product} {ergonomic}
    uintx NonProfiledCodeHeapSize                  = 244685212                              {pd product} {ergonomic}
    uintx ProfiledCodeHeapSize                     = 0                                      {pd product} {ergonomic}
    uintx ReservedCodeCacheSize                    = 251658240                              {pd product} {ergonomic}
     bool SegmentedCodeCache                       = true                                      {product} {ergonomic}
     intx TieredStopAtLevel                        = 1                                         {product} {command line}
     bool UseCompressedClassPointers               = true                                 {lp64_product} {ergonomic}
     bool UseCompressedOops                        = true                                 {lp64_product} {ergonomic}
     bool UseG1GC                                  = true                                      {product} {ergonomic}

Logging:
Log output configuration:
 #0: stdout all=warning uptime,level,tags
 #1: stderr all=off uptime,level,tags

Environment Variables:
PATH=/usr/local/sbin:/usr/local/bin:/usr/sbin:/usr/bin:/sbin:/bin:/usr/games:/usr/local/games:/snap/bin
USERNAME=admin1
SHELL=/bin/bash
DISPLAY=:0

Signal Handlers:
SIGSEGV: [libjvm.so+0xde2f90], sa_mask[0]=11111111011111111101111111111110, sa_flags=SA_RESTART|SA_SIGINFO
SIGBUS: [libjvm.so+0xde2f90], sa_mask[0]=11111111011111111101111111111110, sa_flags=SA_RESTART|SA_SIGINFO
SIGFPE: [libjvm.so+0xde2f90], sa_mask[0]=11111111011111111101111111111110, sa_flags=SA_RESTART|SA_SIGINFO
SIGPIPE: [libjvm.so+0xbb85d0], sa_mask[0]=11111111011111111101111111111110, sa_flags=SA_RESTART|SA_SIGINFO
SIGXFSZ: [libjvm.so+0xbb85d0], sa_mask[0]=11111111011111111101111111111110, sa_flags=SA_RESTART|SA_SIGINFO
SIGILL: [libjvm.so+0xde2f90], sa_mask[0]=11111111011111111101111111111110, sa_flags=SA_RESTART|SA_SIGINFO
SIGUSR2: [libjvm.so+0xbb8470], sa_mask[0]=00100000000000000000000000000000, sa_flags=SA_RESTART|SA_SIGINFO
SIGHUP: [libjvm.so+0xbb87d0], sa_mask[0]=11111111011111111101111111111110, sa_flags=SA_RESTART|SA_SIGINFO
SIGINT: [libjvm.so+0xbb87d0], sa_mask[0]=11111111011111111101111111111110, sa_flags=SA_RESTART|SA_SIGINFO
SIGTERM: [libjvm.so+0xbb87d0], sa_mask[0]=11111111011111111101111111111110, sa_flags=SA_RESTART|SA_SIGINFO
SIGQUIT: [libjvm.so+0xbb87d0], sa_mask[0]=11111111011111111101111111111110, sa_flags=SA_RESTART|SA_SIGINFO


---------------  S Y S T E M  ---------------

OS:DISTRIB_ID=Ubuntu
DISTRIB_RELEASE=18.04
DISTRIB_CODENAME=bionic
DISTRIB_DESCRIPTION="Ubuntu 18.04.2 LTS"
uname:Linux 4.15.0-51-generic #55-Ubuntu SMP Wed May 15 14:27:21 UTC 2019 x86_64
libc:glibc 2.27 NPTL 2.27 
rlimit: STACK 8192k, CORE 0k, NPROC 30892, NOFILE 4096, AS infinity, DATA infinity, FSIZE infinity
load average:1.07 1.04 0.73

/proc/meminfo:
MemTotal:        8052604 kB
MemFree:          359964 kB
MemAvailable:    2548728 kB
Buffers:          595988 kB
Cached:          2090500 kB
SwapCached:            0 kB
Active:          6048148 kB
Inactive:        1067788 kB
Active(anon):    4313720 kB
Inactive(anon):   622556 kB
Active(file):    1734428 kB
Inactive(file):   445232 kB
Unevictable:         104 kB
Mlocked:             104 kB
SwapTotal:       2097148 kB
SwapFree:        2097148 kB
Dirty:               136 kB
Writeback:             0 kB
AnonPages:       4429592 kB
Mapped:           858964 kB
Shmem:            506804 kB
Slab:             388292 kB
SReclaimable:     314980 kB
SUnreclaim:        73312 kB
KernelStack:       17760 kB
PageTables:        87232 kB
NFS_Unstable:          0 kB
Bounce:                0 kB
WritebackTmp:          0 kB
CommitLimit:     6123448 kB
Committed_AS:   13728088 kB
VmallocTotal:   34359738367 kB
VmallocUsed:           0 kB
VmallocChunk:          0 kB
HardwareCorrupted:     0 kB
AnonHugePages:         0 kB
ShmemHugePages:        0 kB
ShmemPmdMapped:        0 kB
CmaTotal:              0 kB
CmaFree:               0 kB
HugePages_Total:       0
HugePages_Free:        0
HugePages_Rsvd:        0
HugePages_Surp:        0
Hugepagesize:       2048 kB
DirectMap4k:      283764 kB
DirectMap2M:     6940672 kB
DirectMap1G:     1048576 kB


/proc/sys/kernel/threads-max (system-wide limit on the number of threads):
61785


/proc/sys/vm/max_map_count (maximum number of memory map areas a process may have):
65530


/proc/sys/kernel/pid_max (system-wide limit on number of process identifiers):
32768



container (cgroup) information:
container_type: cgroupv1
cpu_cpuset_cpus: 0-3
cpu_memory_nodes: 0
active_processor_count: 4
cpu_quota: -1
cpu_period: 100000
cpu_shares: -1
memory_limit_in_bytes: -1
memory_and_swap_limit_in_bytes: -2
memory_soft_limit_in_bytes: -1
memory_usage_in_bytes: 7287320576
memory_max_usage_in_bytes: 0


CPU:total 4 (initial active 4) (4 cores per cpu, 1 threads per core) family 6 model 158 stepping 9, cmov, cx8, fxsr, mmx, sse, sse2, sse3, ssse3, sse4.1, sse4.2, popcnt, avx, avx2, aes, clmul, erms, 3dnowpref, lzcnt, tsc, tscinvbit, bmi1, bmi2, adx, fma
CPU Model and flags from /proc/cpuinfo:
model name	: Intel(R) Core(TM) i5-7400 CPU @ 3.00GHz
flags		: fpu vme de pse tsc msr pae mce cx8 apic sep mtrr pge mca cmov pat pse36 clflush dts acpi mmx fxsr sse sse2 ss ht tm pbe syscall nx pdpe1gb rdtscp lm constant_tsc art arch_perfmon pebs bts rep_good nopl xtopology nonstop_tsc cpuid aperfmperf tsc_known_freq pni pclmulqdq dtes64 monitor ds_cpl vmx est tm2 ssse3 sdbg fma cx16 xtpr pdcm pcid sse4_1 sse4_2 x2apic movbe popcnt tsc_deadline_timer aes xsave avx f16c rdrand lahf_lm abm 3dnowprefetch cpuid_fault invpcid_single pti ssbd ibrs ibpb stibp tpr_shadow vnmi flexpriority ept vpid fsgsbase tsc_adjust bmi1 avx2 smep bmi2 erms invpcid mpx rdseed adx smap clflushopt intel_pt xsaveopt xsavec xgetbv1 xsaves dtherm ida arat pln pts hwp hwp_notify hwp_act_window hwp_epp md_clear flush_l1d

Memory: 4k page, physical 8052604k(359964k free), swap 2097148k(2097148k free)

vm_info: OpenJDK 64-Bit Server VM (11.0.3+7-Ubuntu-1ubuntu218.04.1) for linux-amd64 JRE (11.0.3+7-Ubuntu-1ubuntu218.04.1), built on Apr 23 2019 18:34:35 by "buildd" with gcc 7.3.0

END.
